<?xml version="1.0" encoding="UTF-8"?>
<robot generator="Robot 7.0 (Python 3.12.2 on win32)" generated="2024-05-01T10:38:18.216962" rpa="false" schemaversion="5">
<suite id="s1" name="Test" source="D:\dev\code-workspace\appium-robot-test\test">
<suite id="s1-s1" name="Cadastro Template Test" source="D:\dev\code-workspace\appium-robot-test\test\cadastro_template_test.robot">
<test id="s1-s1-t1" name="Cenário com template: Cadastrar Cavaleiros de Ouro" line="10">
<kw name="Abrir o aplicativo" owner="common_keywords" type="SETUP">
<kw name="Run Keyword If" owner="BuiltIn">
<kw name="Abrir o aplicativo no Android" owner="common_keywords">
<kw name="Open Application" owner="AppiumLibrary">
<arg>${APPIUM_SERVER_URL}</arg>
<arg>automationName=${ANDROID_AUTOMATION_NAME}</arg>
<arg>platformName=${ANDROID_PLATFORM_NAME}</arg>
<arg>platformVersion=${ANDROID_PLATFORM_VERSION}</arg>
<arg>deviceName=${ANDROID_DEVICE_NAME}</arg>
<arg>app=${ANDROID_APP}</arg>
<doc>Opens a new application to given Appium server.
Capabilities of appium server, Android and iOS,
Please check https://github.com/appium/appium/blob/master/docs/en/writing-running-appium/server-args.md
| *Option*            | *Man.* | *Description*     |
| remote_url          | Yes    | Appium server url |
| alias               | no     | alias             |
| strict_ssl          | No     | allows you to send commands to an invalid certificate host like a self-signed one. |</doc>
<status status="PASS" start="2024-05-01T10:38:19.771580" elapsed="68.792023"/>
</kw>
<kw name="Set Appium Timeout" owner="AppiumLibrary">
<arg>${TIMEOUT}</arg>
<doc>Sets the timeout in seconds used by various keywords.</doc>
<status status="PASS" start="2024-05-01T10:39:28.564603" elapsed="0.000000"/>
</kw>
<doc>Abrir o aplicativo no Android</doc>
<status status="PASS" start="2024-05-01T10:38:19.770587" elapsed="68.794016"/>
</kw>
<arg>'${PLATFORM_NAME}' == '${ANDROID_PLATFORM_NAME}'</arg>
<arg>Abrir o aplicativo no Android</arg>
<doc>Runs the given keyword with the given arguments, if ``condition`` is true.</doc>
<status status="PASS" start="2024-05-01T10:38:19.769054" elapsed="68.796549"/>
</kw>
<doc>Abrir o aplicativo</doc>
<status status="PASS" start="2024-05-01T10:38:19.762534" elapsed="68.803069"/>
</kw>
<kw name="Cavaleiros de Ouro utilizando &quot;Template&quot;" owner="cadastro_template">
<kw name="Element Should Be Enabled" owner="AppiumLibrary">
<msg time="2024-05-01T10:39:29.245694" level="INFO">Element 'id=br.rafaelhorochovec.app_cdz_android:id/add_new' is enabled .</msg>
<msg time="2024-05-01T10:39:29.245694" level="INFO">criteria is br.rafaelhorochovec.app_cdz_android:id/add_new</msg>
<arg>${btn_mais}</arg>
<doc>Verifies that element identified with locator is enabled.</doc>
<status status="PASS" start="2024-05-01T10:39:28.570599" elapsed="0.675095"/>
</kw>
<kw name="Click Element" owner="AppiumLibrary">
<msg time="2024-05-01T10:39:29.250691" level="INFO">Clicking element 'id=br.rafaelhorochovec.app_cdz_android:id/add_new'.</msg>
<msg time="2024-05-01T10:39:30.173990" level="INFO">criteria is br.rafaelhorochovec.app_cdz_android:id/add_new</msg>
<arg>${btn_mais}</arg>
<doc>Click element identified by `locator`.</doc>
<status status="PASS" start="2024-05-01T10:39:29.246694" elapsed="0.928295"/>
</kw>
<kw name="Wait Until Element Is Visible" owner="AppiumLibrary">
<msg time="2024-05-01T10:39:39.555989" level="INFO">criteria is android:id/title
criteria is android:id/title</msg>
<arg>${dlg_title}</arg>
<doc>Waits until element specified with `locator` is visible.</doc>
<status status="PASS" start="2024-05-01T10:39:30.175515" elapsed="9.380474"/>
</kw>
<kw name="Input Text" owner="AppiumLibrary">
<msg time="2024-05-01T10:39:39.565984" level="INFO">Typing text 'Aiolia' into text field 'id=br.rafaelhorochovec.app_cdz_android:id/name_edittext'</msg>
<msg time="2024-05-01T10:39:40.324005" level="INFO">criteria is br.rafaelhorochovec.app_cdz_android:id/name_edittext</msg>
<arg>${input_nome}</arg>
<arg>${nome}</arg>
<doc>Types the given `text` into text field identified by `locator`.</doc>
<status status="PASS" start="2024-05-01T10:39:39.556990" elapsed="0.767015"/>
</kw>
<kw name="Input Text" owner="AppiumLibrary">
<msg time="2024-05-01T10:39:40.333006" level="INFO">Typing text 'Leão' into text field 'id=br.rafaelhorochovec.app_cdz_android:id/armor_edittext'</msg>
<msg time="2024-05-01T10:39:41.543637" level="INFO">criteria is br.rafaelhorochovec.app_cdz_android:id/armor_edittext</msg>
<arg>${input_armadura}</arg>
<arg>${armadura}</arg>
<doc>Types the given `text` into text field identified by `locator`.</doc>
<status status="PASS" start="2024-05-01T10:39:40.325495" elapsed="1.218142"/>
</kw>
<kw name="Click Element" owner="AppiumLibrary">
<msg time="2024-05-01T10:39:41.555629" level="INFO">Clicking element 'id=br.rafaelhorochovec.app_cdz_android:id/btn_save'.</msg>
<msg time="2024-05-01T10:39:42.461055" level="INFO">criteria is br.rafaelhorochovec.app_cdz_android:id/btn_save</msg>
<arg>${btn_salvar}</arg>
<doc>Click element identified by `locator`.</doc>
<status status="PASS" start="2024-05-01T10:39:41.544637" elapsed="0.917418"/>
</kw>
<kw name="Wait Until Element Is Visible" owner="AppiumLibrary">
<msg time="2024-05-01T10:39:54.127702" level="INFO">criteria is list_view
criteria is list_view</msg>
<arg>${list_view}</arg>
<doc>Waits until element specified with `locator` is visible.</doc>
<status status="PASS" start="2024-05-01T10:39:42.462055" elapsed="11.665647"/>
</kw>
<arg>Aiolia</arg>
<arg>Leão</arg>
<status status="PASS" start="2024-05-01T10:39:28.569593" elapsed="25.559108"/>
</kw>
<kw name="Cavaleiros de Ouro utilizando &quot;Template&quot;" owner="cadastro_template">
<kw name="Element Should Be Enabled" owner="AppiumLibrary">
<msg time="2024-05-01T10:39:54.383579" level="INFO">Element 'id=br.rafaelhorochovec.app_cdz_android:id/add_new' is enabled .</msg>
<msg time="2024-05-01T10:39:54.383579" level="INFO">criteria is br.rafaelhorochovec.app_cdz_android:id/add_new</msg>
<arg>${btn_mais}</arg>
<doc>Verifies that element identified with locator is enabled.</doc>
<status status="PASS" start="2024-05-01T10:39:54.130698" elapsed="0.252881"/>
</kw>
<kw name="Click Element" owner="AppiumLibrary">
<msg time="2024-05-01T10:39:54.390603" level="INFO">Clicking element 'id=br.rafaelhorochovec.app_cdz_android:id/add_new'.</msg>
<msg time="2024-05-01T10:39:55.094800" level="INFO">criteria is br.rafaelhorochovec.app_cdz_android:id/add_new</msg>
<arg>${btn_mais}</arg>
<doc>Click element identified by `locator`.</doc>
<status status="PASS" start="2024-05-01T10:39:54.384578" elapsed="0.711229"/>
</kw>
<kw name="Wait Until Element Is Visible" owner="AppiumLibrary">
<msg time="2024-05-01T10:40:01.167340" level="INFO">criteria is android:id/title
criteria is android:id/title</msg>
<arg>${dlg_title}</arg>
<doc>Waits until element specified with `locator` is visible.</doc>
<status status="PASS" start="2024-05-01T10:39:55.095807" elapsed="6.072527"/>
</kw>
<kw name="Input Text" owner="AppiumLibrary">
<msg time="2024-05-01T10:40:01.175329" level="INFO">Typing text 'Aiolos' into text field 'id=br.rafaelhorochovec.app_cdz_android:id/name_edittext'</msg>
<msg time="2024-05-01T10:40:02.270095" level="INFO">criteria is br.rafaelhorochovec.app_cdz_android:id/name_edittext</msg>
<arg>${input_nome}</arg>
<arg>${nome}</arg>
<doc>Types the given `text` into text field identified by `locator`.</doc>
<status status="PASS" start="2024-05-01T10:40:01.168334" elapsed="1.101761"/>
</kw>
<kw name="Input Text" owner="AppiumLibrary">
<msg time="2024-05-01T10:40:02.277608" level="INFO">Typing text 'Sagitário' into text field 'id=br.rafaelhorochovec.app_cdz_android:id/armor_edittext'</msg>
<msg time="2024-05-01T10:40:03.428067" level="INFO">criteria is br.rafaelhorochovec.app_cdz_android:id/armor_edittext</msg>
<arg>${input_armadura}</arg>
<arg>${armadura}</arg>
<doc>Types the given `text` into text field identified by `locator`.</doc>
<status status="PASS" start="2024-05-01T10:40:02.271093" elapsed="1.156974"/>
</kw>
<kw name="Click Element" owner="AppiumLibrary">
<msg time="2024-05-01T10:40:03.437048" level="INFO">Clicking element 'id=br.rafaelhorochovec.app_cdz_android:id/btn_save'.</msg>
<msg time="2024-05-01T10:40:04.458388" level="INFO">criteria is br.rafaelhorochovec.app_cdz_android:id/btn_save</msg>
<arg>${btn_salvar}</arg>
<doc>Click element identified by `locator`.</doc>
<status status="PASS" start="2024-05-01T10:40:03.429055" elapsed="1.029333"/>
</kw>
<kw name="Wait Until Element Is Visible" owner="AppiumLibrary">
<msg time="2024-05-01T10:40:13.864919" level="INFO">criteria is list_view</msg>
<arg>${list_view}</arg>
<doc>Waits until element specified with `locator` is visible.</doc>
<status status="PASS" start="2024-05-01T10:40:04.458388" elapsed="9.407531"/>
</kw>
<arg>Aiolos</arg>
<arg>Sagitário</arg>
<status status="PASS" start="2024-05-01T10:39:54.129699" elapsed="19.736220"/>
</kw>
<kw name="Cavaleiros de Ouro utilizando &quot;Template&quot;" owner="cadastro_template">
<kw name="Element Should Be Enabled" owner="AppiumLibrary">
<msg time="2024-05-01T10:40:14.225600" level="INFO">Element 'id=br.rafaelhorochovec.app_cdz_android:id/add_new' is enabled .</msg>
<msg time="2024-05-01T10:40:14.225600" level="INFO">criteria is br.rafaelhorochovec.app_cdz_android:id/add_new</msg>
<arg>${btn_mais}</arg>
<doc>Verifies that element identified with locator is enabled.</doc>
<status status="PASS" start="2024-05-01T10:40:13.903152" elapsed="0.322448"/>
</kw>
<kw name="Click Element" owner="AppiumLibrary">
<msg time="2024-05-01T10:40:14.231595" level="INFO">Clicking element 'id=br.rafaelhorochovec.app_cdz_android:id/add_new'.</msg>
<msg time="2024-05-01T10:40:15.064776" level="INFO">criteria is br.rafaelhorochovec.app_cdz_android:id/add_new</msg>
<arg>${btn_mais}</arg>
<doc>Click element identified by `locator`.</doc>
<status status="PASS" start="2024-05-01T10:40:14.226598" elapsed="0.838178"/>
</kw>
<kw name="Wait Until Element Is Visible" owner="AppiumLibrary">
<msg time="2024-05-01T10:40:20.866008" level="INFO">criteria is android:id/title
criteria is android:id/title</msg>
<arg>${dlg_title}</arg>
<doc>Waits until element specified with `locator` is visible.</doc>
<status status="PASS" start="2024-05-01T10:40:15.065781" elapsed="5.800227"/>
</kw>
<kw name="Input Text" owner="AppiumLibrary">
<msg time="2024-05-01T10:40:20.872004" level="INFO">Typing text 'Mu' into text field 'id=br.rafaelhorochovec.app_cdz_android:id/name_edittext'</msg>
<msg time="2024-05-01T10:40:21.406616" level="INFO">criteria is br.rafaelhorochovec.app_cdz_android:id/name_edittext</msg>
<arg>${input_nome}</arg>
<arg>${nome}</arg>
<doc>Types the given `text` into text field identified by `locator`.</doc>
<status status="PASS" start="2024-05-01T10:40:20.867007" elapsed="0.540608"/>
</kw>
<kw name="Input Text" owner="AppiumLibrary">
<msg time="2024-05-01T10:40:21.413611" level="INFO">Typing text 'Áries' into text field 'id=br.rafaelhorochovec.app_cdz_android:id/armor_edittext'</msg>
<msg time="2024-05-01T10:40:22.709647" level="INFO">criteria is br.rafaelhorochovec.app_cdz_android:id/armor_edittext</msg>
<arg>${input_armadura}</arg>
<arg>${armadura}</arg>
<doc>Types the given `text` into text field identified by `locator`.</doc>
<status status="PASS" start="2024-05-01T10:40:21.407615" elapsed="1.302032"/>
</kw>
<kw name="Click Element" owner="AppiumLibrary">
<msg time="2024-05-01T10:40:22.752181" level="INFO">Clicking element 'id=br.rafaelhorochovec.app_cdz_android:id/btn_save'.</msg>
<msg time="2024-05-01T10:40:23.616742" level="INFO">criteria is br.rafaelhorochovec.app_cdz_android:id/btn_save</msg>
<arg>${btn_salvar}</arg>
<doc>Click element identified by `locator`.</doc>
<status status="PASS" start="2024-05-01T10:40:22.710647" elapsed="0.906095"/>
</kw>
<kw name="Wait Until Element Is Visible" owner="AppiumLibrary">
<msg time="2024-05-01T10:40:31.187762" level="INFO">criteria is list_view
criteria is list_view</msg>
<arg>${list_view}</arg>
<doc>Waits until element specified with `locator` is visible.</doc>
<status status="PASS" start="2024-05-01T10:40:23.617740" elapsed="7.570022"/>
</kw>
<arg>Mu</arg>
<arg>Áries</arg>
<status status="PASS" start="2024-05-01T10:40:13.902152" elapsed="17.285610"/>
</kw>
<kw name="Cavaleiros de Ouro utilizando &quot;Template&quot;" owner="cadastro_template">
<kw name="Element Should Be Enabled" owner="AppiumLibrary">
<msg time="2024-05-01T10:40:31.463987" level="INFO">Element 'id=br.rafaelhorochovec.app_cdz_android:id/add_new' is enabled .</msg>
<msg time="2024-05-01T10:40:31.463987" level="INFO">criteria is br.rafaelhorochovec.app_cdz_android:id/add_new</msg>
<arg>${btn_mais}</arg>
<doc>Verifies that element identified with locator is enabled.</doc>
<status status="PASS" start="2024-05-01T10:40:31.191758" elapsed="0.272229"/>
</kw>
<kw name="Click Element" owner="AppiumLibrary">
<msg time="2024-05-01T10:40:31.466986" level="INFO">Clicking element 'id=br.rafaelhorochovec.app_cdz_android:id/add_new'.</msg>
<msg time="2024-05-01T10:40:32.329501" level="INFO">criteria is br.rafaelhorochovec.app_cdz_android:id/add_new</msg>
<arg>${btn_mais}</arg>
<doc>Click element identified by `locator`.</doc>
<status status="PASS" start="2024-05-01T10:40:31.464988" elapsed="0.864513"/>
</kw>
<kw name="Wait Until Element Is Visible" owner="AppiumLibrary">
<msg time="2024-05-01T10:40:37.808558" level="INFO">criteria is android:id/title
criteria is android:id/title</msg>
<arg>${dlg_title}</arg>
<doc>Waits until element specified with `locator` is visible.</doc>
<status status="PASS" start="2024-05-01T10:40:32.329501" elapsed="5.479057"/>
</kw>
<kw name="Input Text" owner="AppiumLibrary">
<msg time="2024-05-01T10:40:37.814553" level="INFO">Typing text 'Milo' into text field 'id=br.rafaelhorochovec.app_cdz_android:id/name_edittext'</msg>
<msg time="2024-05-01T10:40:38.812123" level="INFO">criteria is br.rafaelhorochovec.app_cdz_android:id/name_edittext</msg>
<arg>${input_nome}</arg>
<arg>${nome}</arg>
<doc>Types the given `text` into text field identified by `locator`.</doc>
<status status="PASS" start="2024-05-01T10:40:37.808558" elapsed="1.003565"/>
</kw>
<kw name="Input Text" owner="AppiumLibrary">
<msg time="2024-05-01T10:40:38.826663" level="INFO">Typing text 'Escorpião' into text field 'id=br.rafaelhorochovec.app_cdz_android:id/armor_edittext'</msg>
<msg time="2024-05-01T10:40:40.005726" level="INFO">criteria is br.rafaelhorochovec.app_cdz_android:id/armor_edittext</msg>
<arg>${input_armadura}</arg>
<arg>${armadura}</arg>
<doc>Types the given `text` into text field identified by `locator`.</doc>
<status status="PASS" start="2024-05-01T10:40:38.817644" elapsed="1.189076"/>
</kw>
<kw name="Click Element" owner="AppiumLibrary">
<msg time="2024-05-01T10:40:40.077329" level="INFO">Clicking element 'id=br.rafaelhorochovec.app_cdz_android:id/btn_save'.</msg>
<msg time="2024-05-01T10:40:41.510811" level="INFO">criteria is br.rafaelhorochovec.app_cdz_android:id/btn_save</msg>
<arg>${btn_salvar}</arg>
<doc>Click element identified by `locator`.</doc>
<status status="PASS" start="2024-05-01T10:40:40.007718" elapsed="1.504093"/>
</kw>
<kw name="Wait Until Element Is Visible" owner="AppiumLibrary">
<msg time="2024-05-01T10:40:48.142796" level="INFO">criteria is list_view
criteria is list_view</msg>
<arg>${list_view}</arg>
<doc>Waits until element specified with `locator` is visible.</doc>
<status status="PASS" start="2024-05-01T10:40:41.511811" elapsed="6.631990"/>
</kw>
<arg>Milo</arg>
<arg>Escorpião</arg>
<status status="PASS" start="2024-05-01T10:40:31.191758" elapsed="16.952043"/>
</kw>
<kw name="Cavaleiros de Ouro utilizando &quot;Template&quot;" owner="cadastro_template">
<kw name="Element Should Be Enabled" owner="AppiumLibrary">
<msg time="2024-05-01T10:40:48.431828" level="INFO">Element 'id=br.rafaelhorochovec.app_cdz_android:id/add_new' is enabled .</msg>
<msg time="2024-05-01T10:40:48.432826" level="INFO">criteria is br.rafaelhorochovec.app_cdz_android:id/add_new</msg>
<arg>${btn_mais}</arg>
<doc>Verifies that element identified with locator is enabled.</doc>
<status status="PASS" start="2024-05-01T10:40:48.145796" elapsed="0.287030"/>
</kw>
<kw name="Click Element" owner="AppiumLibrary">
<msg time="2024-05-01T10:40:48.436826" level="INFO">Clicking element 'id=br.rafaelhorochovec.app_cdz_android:id/add_new'.</msg>
<msg time="2024-05-01T10:40:48.957850" level="INFO">criteria is br.rafaelhorochovec.app_cdz_android:id/add_new</msg>
<arg>${btn_mais}</arg>
<doc>Click element identified by `locator`.</doc>
<status status="PASS" start="2024-05-01T10:40:48.432826" elapsed="0.526025"/>
</kw>
<kw name="Wait Until Element Is Visible" owner="AppiumLibrary">
<msg time="2024-05-01T10:40:55.520199" level="INFO">criteria is android:id/title
criteria is android:id/title</msg>
<arg>${dlg_title}</arg>
<doc>Waits until element specified with `locator` is visible.</doc>
<status status="PASS" start="2024-05-01T10:40:48.958851" elapsed="6.561348"/>
</kw>
<kw name="Input Text" owner="AppiumLibrary">
<msg time="2024-05-01T10:40:55.560227" level="INFO">Typing text 'Aldebaran' into text field 'id=br.rafaelhorochovec.app_cdz_android:id/name_edittext'</msg>
<msg time="2024-05-01T10:40:56.553503" level="INFO">criteria is br.rafaelhorochovec.app_cdz_android:id/name_edittext</msg>
<arg>${input_nome}</arg>
<arg>${nome}</arg>
<doc>Types the given `text` into text field identified by `locator`.</doc>
<status status="PASS" start="2024-05-01T10:40:55.520723" elapsed="1.032780"/>
</kw>
<kw name="Input Text" owner="AppiumLibrary">
<msg time="2024-05-01T10:40:56.611525" level="INFO">Typing text 'Touro' into text field 'id=br.rafaelhorochovec.app_cdz_android:id/armor_edittext'</msg>
<msg time="2024-05-01T10:40:57.736647" level="INFO">criteria is br.rafaelhorochovec.app_cdz_android:id/armor_edittext</msg>
<arg>${input_armadura}</arg>
<arg>${armadura}</arg>
<doc>Types the given `text` into text field identified by `locator`.</doc>
<status status="PASS" start="2024-05-01T10:40:56.553503" elapsed="1.183144"/>
</kw>
<kw name="Click Element" owner="AppiumLibrary">
<msg time="2024-05-01T10:40:57.748630" level="INFO">Clicking element 'id=br.rafaelhorochovec.app_cdz_android:id/btn_save'.</msg>
<msg time="2024-05-01T10:40:58.989831" level="INFO">criteria is br.rafaelhorochovec.app_cdz_android:id/btn_save</msg>
<arg>${btn_salvar}</arg>
<doc>Click element identified by `locator`.</doc>
<status status="PASS" start="2024-05-01T10:40:57.738637" elapsed="1.251710"/>
</kw>
<kw name="Wait Until Element Is Visible" owner="AppiumLibrary">
<msg time="2024-05-01T10:41:07.290842" level="INFO">criteria is list_view
criteria is list_view</msg>
<arg>${list_view}</arg>
<doc>Waits until element specified with `locator` is visible.</doc>
<status status="PASS" start="2024-05-01T10:40:58.990347" elapsed="8.300495"/>
</kw>
<arg>Aldebaran</arg>
<arg>Touro</arg>
<status status="PASS" start="2024-05-01T10:40:48.144794" elapsed="19.146048"/>
</kw>
<kw name="Cavaleiros de Ouro utilizando &quot;Template&quot;" owner="cadastro_template">
<kw name="Element Should Be Enabled" owner="AppiumLibrary">
<msg time="2024-05-01T10:41:07.612539" level="INFO">Element 'id=br.rafaelhorochovec.app_cdz_android:id/add_new' is enabled .</msg>
<msg time="2024-05-01T10:41:07.613538" level="INFO">criteria is br.rafaelhorochovec.app_cdz_android:id/add_new</msg>
<arg>${btn_mais}</arg>
<doc>Verifies that element identified with locator is enabled.</doc>
<status status="PASS" start="2024-05-01T10:41:07.292838" elapsed="0.320700"/>
</kw>
<kw name="Click Element" owner="AppiumLibrary">
<msg time="2024-05-01T10:41:07.618053" level="INFO">Clicking element 'id=br.rafaelhorochovec.app_cdz_android:id/add_new'.</msg>
<msg time="2024-05-01T10:41:08.141201" level="INFO">criteria is br.rafaelhorochovec.app_cdz_android:id/add_new</msg>
<arg>${btn_mais}</arg>
<doc>Click element identified by `locator`.</doc>
<status status="PASS" start="2024-05-01T10:41:07.613538" elapsed="0.527663"/>
</kw>
<kw name="Wait Until Element Is Visible" owner="AppiumLibrary">
<msg time="2024-05-01T10:41:14.706870" level="INFO">criteria is android:id/title
criteria is android:id/title</msg>
<arg>${dlg_title}</arg>
<doc>Waits until element specified with `locator` is visible.</doc>
<status status="PASS" start="2024-05-01T10:41:08.142195" elapsed="6.564675"/>
</kw>
<kw name="Input Text" owner="AppiumLibrary">
<msg time="2024-05-01T10:41:14.711862" level="INFO">Typing text 'Camus' into text field 'id=br.rafaelhorochovec.app_cdz_android:id/name_edittext'</msg>
<msg time="2024-05-01T10:41:15.766607" level="INFO">criteria is br.rafaelhorochovec.app_cdz_android:id/name_edittext</msg>
<arg>${input_nome}</arg>
<arg>${nome}</arg>
<doc>Types the given `text` into text field identified by `locator`.</doc>
<status status="PASS" start="2024-05-01T10:41:14.706870" elapsed="1.059737"/>
</kw>
<kw name="Input Text" owner="AppiumLibrary">
<msg time="2024-05-01T10:41:15.771608" level="INFO">Typing text 'Áquario' into text field 'id=br.rafaelhorochovec.app_cdz_android:id/armor_edittext'</msg>
<msg time="2024-05-01T10:41:16.496040" level="INFO">criteria is br.rafaelhorochovec.app_cdz_android:id/armor_edittext</msg>
<arg>${input_armadura}</arg>
<arg>${armadura}</arg>
<doc>Types the given `text` into text field identified by `locator`.</doc>
<status status="PASS" start="2024-05-01T10:41:15.767607" elapsed="0.728433"/>
</kw>
<kw name="Click Element" owner="AppiumLibrary">
<msg time="2024-05-01T10:41:16.513031" level="INFO">Clicking element 'id=br.rafaelhorochovec.app_cdz_android:id/btn_save'.</msg>
<msg time="2024-05-01T10:41:17.407460" level="INFO">criteria is br.rafaelhorochovec.app_cdz_android:id/btn_save</msg>
<arg>${btn_salvar}</arg>
<doc>Click element identified by `locator`.</doc>
<status status="PASS" start="2024-05-01T10:41:16.497039" elapsed="0.910421"/>
</kw>
<kw name="Wait Until Element Is Visible" owner="AppiumLibrary">
<msg time="2024-05-01T10:41:26.749957" level="INFO">criteria is list_view
criteria is list_view</msg>
<arg>${list_view}</arg>
<doc>Waits until element specified with `locator` is visible.</doc>
<status status="PASS" start="2024-05-01T10:41:17.408461" elapsed="9.341496"/>
</kw>
<arg>Camus</arg>
<arg>Áquario</arg>
<status status="PASS" start="2024-05-01T10:41:07.291839" elapsed="19.458118"/>
</kw>
<kw name="Fechar o aplicativo" owner="common_keywords" type="TEARDOWN">
<kw name="Close Application" owner="AppiumLibrary">
<doc>Closes the current application and also close webdriver session.</doc>
<status status="PASS" start="2024-05-01T10:41:26.752975" elapsed="2.905610"/>
</kw>
<status status="PASS" start="2024-05-01T10:41:26.751865" elapsed="2.906720"/>
</kw>
<doc>Cadastrar Cavaleiros de Ouro</doc>
<tag>@ouro</tag>
<status status="PASS" start="2024-05-01T10:38:19.759536" elapsed="189.952022"/>
</test>
<status status="PASS" start="2024-05-01T10:38:18.315990" elapsed="191.438534"/>
</suite>
<suite id="s1-s2" name="Cadastro Test" source="D:\dev\code-workspace\appium-robot-test\test\cadastro_test.robot">
<test id="s1-s2-t1" name="Cenário com outline: Cadastrar Cavaleiros do Zodíaco" line="8">
<kw name="Abrir o aplicativo" owner="common_keywords" type="SETUP">
<kw name="Run Keyword If" owner="BuiltIn">
<kw name="Abrir o aplicativo no Android" owner="common_keywords">
<kw name="Open Application" owner="AppiumLibrary">
<arg>${APPIUM_SERVER_URL}</arg>
<arg>automationName=${ANDROID_AUTOMATION_NAME}</arg>
<arg>platformName=${ANDROID_PLATFORM_NAME}</arg>
<arg>platformVersion=${ANDROID_PLATFORM_VERSION}</arg>
<arg>deviceName=${ANDROID_DEVICE_NAME}</arg>
<arg>app=${ANDROID_APP}</arg>
<doc>Opens a new application to given Appium server.
Capabilities of appium server, Android and iOS,
Please check https://github.com/appium/appium/blob/master/docs/en/writing-running-appium/server-args.md
| *Option*            | *Man.* | *Description*     |
| remote_url          | Yes    | Appium server url |
| alias               | no     | alias             |
| strict_ssl          | No     | allows you to send commands to an invalid certificate host like a self-signed one. |</doc>
<status status="PASS" start="2024-05-01T10:41:30.223926" elapsed="38.490380"/>
</kw>
<kw name="Set Appium Timeout" owner="AppiumLibrary">
<arg>${TIMEOUT}</arg>
<doc>Sets the timeout in seconds used by various keywords.</doc>
<status status="PASS" start="2024-05-01T10:42:08.716305" elapsed="0.000835"/>
</kw>
<doc>Abrir o aplicativo no Android</doc>
<status status="PASS" start="2024-05-01T10:41:30.222925" elapsed="38.494215"/>
</kw>
<arg>'${PLATFORM_NAME}' == '${ANDROID_PLATFORM_NAME}'</arg>
<arg>Abrir o aplicativo no Android</arg>
<doc>Runs the given keyword with the given arguments, if ``condition`` is true.</doc>
<status status="PASS" start="2024-05-01T10:41:30.190902" elapsed="38.526238"/>
</kw>
<doc>Abrir o aplicativo</doc>
<status status="PASS" start="2024-05-01T10:41:30.190902" elapsed="38.526915"/>
</kw>
<kw name="Scenario Outline: Cadastro utilizando &quot;Scenario Outline&quot;" owner="form_steps">
<kw name="Dado que o usuário clicou em novo" owner="form_steps">
<kw name="Element Should Be Enabled" owner="AppiumLibrary">
<msg time="2024-05-01T10:42:09.383784" level="INFO">Element 'id=br.rafaelhorochovec.app_cdz_android:id/add_new' is enabled .</msg>
<msg time="2024-05-01T10:42:09.383784" level="INFO">criteria is br.rafaelhorochovec.app_cdz_android:id/add_new</msg>
<arg>${btn_mais}</arg>
<doc>Verifies that element identified with locator is enabled.</doc>
<status status="PASS" start="2024-05-01T10:42:08.733808" elapsed="0.649976"/>
</kw>
<kw name="Click Element" owner="AppiumLibrary">
<msg time="2024-05-01T10:42:09.392778" level="INFO">Clicking element 'id=br.rafaelhorochovec.app_cdz_android:id/add_new'.</msg>
<msg time="2024-05-01T10:42:10.115677" level="INFO">criteria is br.rafaelhorochovec.app_cdz_android:id/add_new</msg>
<arg>${btn_mais}</arg>
<doc>Click element identified by `locator`.</doc>
<status status="PASS" start="2024-05-01T10:42:09.384783" elapsed="0.730894"/>
</kw>
<status status="PASS" start="2024-05-01T10:42:08.732808" elapsed="1.382869"/>
</kw>
<kw name="Quando inserir o nome do cavaleiro &quot;${nome}&quot; e sua armadura de &quot;${armadura}&quot;" owner="form_steps" source_name="Quando inserir o nome do cavaleiro &quot;${nome}&quot; e sua armadura de &quot;${armadura}&quot;">
<kw name="Wait Until Element Is Visible" owner="AppiumLibrary">
<msg time="2024-05-01T10:42:19.315407" level="INFO">criteria is android:id/title
criteria is android:id/title</msg>
<arg>${dlg_title}</arg>
<doc>Waits until element specified with `locator` is visible.</doc>
<status status="PASS" start="2024-05-01T10:42:10.117674" elapsed="9.197733"/>
</kw>
<kw name="Input Text" owner="AppiumLibrary">
<msg time="2024-05-01T10:42:19.321403" level="INFO">Typing text 'Seiya' into text field 'id=br.rafaelhorochovec.app_cdz_android:id/name_edittext'</msg>
<msg time="2024-05-01T10:42:20.405004" level="INFO">criteria is br.rafaelhorochovec.app_cdz_android:id/name_edittext</msg>
<arg>${input_nome}</arg>
<arg>${nome}</arg>
<doc>Types the given `text` into text field identified by `locator`.</doc>
<status status="PASS" start="2024-05-01T10:42:19.316406" elapsed="1.088598"/>
</kw>
<kw name="Input Text" owner="AppiumLibrary">
<msg time="2024-05-01T10:42:20.410993" level="INFO">Typing text 'Pegasus' into text field 'id=br.rafaelhorochovec.app_cdz_android:id/armor_edittext'</msg>
<msg time="2024-05-01T10:42:21.378607" level="INFO">criteria is br.rafaelhorochovec.app_cdz_android:id/armor_edittext</msg>
<arg>${input_armadura}</arg>
<arg>${armadura}</arg>
<doc>Types the given `text` into text field identified by `locator`.</doc>
<status status="PASS" start="2024-05-01T10:42:20.406002" elapsed="0.973604"/>
</kw>
<status status="PASS" start="2024-05-01T10:42:10.116670" elapsed="11.262936"/>
</kw>
<kw name="E clicar em Salvar" owner="form_steps">
<kw name="Capture Page Screenshot" owner="AppiumLibrary">
<msg time="2024-05-01T10:42:25.284839" level="INFO" html="true">&lt;/td&gt;&lt;/tr&gt;&lt;tr&gt;&lt;td colspan="3"&gt;&lt;img src="data:image/png;base64, iVBORw0KGgoAAAANSUhEUgAABDgAAAisCAYAAACtR1KuAAAAAXNSR0IArs4c6QAAAARzQklUCAgI
CHwIZIgAACAASURBVHic7N13dFvl/T/wt6Ylee8VJ7YTZ5LExFkkkEGBsJoyCmG0EE75UsIqBE6h
gxRaWkb5ElqgDV0EAiUhhFIOJGQPAknA2TvBsR07sRPvKcmS7vP7Iz/dr2Xr2pIs6Vrm/Trnc44l
3fE8ulfXVx89QwNAgIiIiIiIiIgogmnVLgARERERERERUV8xwUFEREREREREEY8JDiIiIiIiIiKK
eExwEBEREREREVHEY4KDiIiIiIiIiCIeExxEREREREREFPGY4CAiIiIiIiKiiMcEBxERERERERFF
PCY4iIiIiIiIiCjiMcFBRERERERERBGPCQ4iIiIiIiIiinhMcBARERERERFRxGOCgyKaRqPB6NGj
8f777+PMmTNwuVxySJIk/22323Hs2DE8/fTTSE1NhUajUbvoREREREREFEQaAELtQhD5Q6PRIDo6
GkuXLsUPfvAD6HQ6vxIWkiTBZrPh6aefxuLFiyEEPwJERERERESRjgkOiihGoxEbN27EtGnToNFo
+tQSQwgBSZIQFRUFl8sVxFKGnl6vh9lshtlsxtSpU3HVVVfhqquuQnp6Og4ePIj169dj3bp1OHny
JNrb22G32yOujnSBRqOB0WiE0WiEyWSCTqcDcOH8dTqdsNls6OjogMPhULmkREREFGkSExNx0UUX
ITMzE6mpqUhMTERDQwNqampQVVWFQ4cOoaGhQe1iBl1hYSH27dsXln358mMqW5cHDxMcFDHmzp2L
jz76SP6CFyzz58/H22+/HdRthoJWq4XRaITZbMaIESPw/e9/H9dddx1GjBgBk8nUbXmbzYZdu3Zh
5cqV2Lx5MyorK2Gz2eB0OiFJkgo1CI5rrrkGq1ev9ns9SZKwbt063HzzzWhvbw9ByYJHo9HAZDIh
KSkJSUlJyM/PR3Z2NvLz8xEdHQ3gQn3q6+tx8uRJnDlzBuXl5WhsbERTUxOTHURERORVUVERrrji
CsyePRvjx49HRkZGr+tUV1dj//792LRpEzZs2IA9e/aEoaSh89Zbb6G8vBzPPPNMWPbHBEf4CQaj
P4dGoxErVqwQkiSJUDh79qzQaDQCgBgzZozq9e1ad4PBIKKjo8WoUaPEww8/LPbu3Svsdnu3ekiS
JFwul9f3qbGxUfznP/8Rt956qxgyZIgwm81Cr9fL9Y6UuOaaa4JyzKOjo1Wvi9LxjoqKEsOGDRO3
3XabWLZsmSgtLe21PjabTRQXF4sXXnhBzJo1S6SkpAitVqt6fRgMBoPBYKgfeXl54re//a0oKysL
yn1UWVmZ+O1vfyvy8vJUr5u/8dZbbwkhhHjmmWfCtk9fqP2+DLBQvQAMhmJoNBpx6tSpoFyMlTid
TvmL/uuvvy4ee+yxflFvg8Eg0tPTxd133y0+//xzYbPZeqxDQ0ODOHTokKiqqhIdHR3C5XJ5XfbM
mTPiH//4h7j66qtFYmKi0Ov1qtfXl7j++uuDdswdDofq9ekaOp1OZGZmirlz54rPPvss4LrV1taK
P/zhD2LChAkiJiZG9XoxGAwGg8FQJyZOnCj++9//Bu3+yZuPP/5YTJw4UfW6+hLu5IYQTHAM8FC9
ABEf2dnZYuzYsSIxMVH1sgQrUlNTxUUXXSSys7NVK4M7uRGqlhtukiSJCRMmCADizjvvFJIkiQUL
Fqha7/z8fPHPf/5TOBwOn8r/3nvviYkTJwqj0SgGDx4sFixYIDZu3CgaGxt7fP9OnTolFi5c2O+/
CH/ve9/zKLfVapXD23NOp7Pbcx0dHR7bULtOnUOv14sxY8aI119/XbS2tvpz+nrlcrnEiRMnxPz5
8wfUdYnBYDAYDEbvMXHiRLF27do+30/44/PPP+/XiY7OyQ0hQpfgCCa137MIDtULEPa4/vrrxfLl
y8WePXsC3sbdd98t1q1bJ+rq6jxOxObmZrFjxw6xaNEikZqaGva6VVRUyGX59ttvxSWXXOLzunfd
dZdYs2aNOHfunEed2tvbxbFjx8Rrr70mioqKwlIPjUYjPvjgg6BeJHry+OOPCwBi5syZQogLXxCn
Tp2qyvkZFRUliouL5S/pvXn33XfFyJEj5VYoGo1GaLVaodPpRGFhofj1r38tdu3a5ZEMcJMkSdTV
1YnFixerUldf4sorr+xW7s6ve3vuzTff7PZc1xYgatfLHUajUUycODEk5/u5c+fEz3/+c5GRkaF6
PRkMBoPBYIQ+pk+fLk6fPh30ewpfnD59WkyfPl3196BrdE1uCBGaBEcoqP3eRWioXoCwxKhRo8Qf
//hHcfLkSfmEqa6u9ns7w4YNExs3bvTphKyoqBC333572Oq4aNGibmW4+uqre10vNzdXbNmyxac6
tbe3i+eeey7kdZk7d27IW250tmzZMgFAXHfddfJzDodDmEymsJ6ner1eXHHFFV67l2zYsEEsXLhQ
FBcXy2NwnDt3TsyePVtxvAWtVisMBoNISEgQM2bMEC+++KI4ePCgx3YlSRLbt28XY8eODWtdfYkr
rrjC6/HqvIy35yIlwaHX68WkSZN8/vwForGxUbz++utsycFgMBgMxgCPJ554wucfyELF6XTKPxz2
h/CW3BCCCY4BHqoXIGQRGxsrHnroIbF161avTf39TXAMGzbMo4WEW319vTh58qSoqqrq9sXUbreL
m266KeR1HTt2rGhubu5Wtt4SHKNHjxaVlZXd1mtqahKnTp0SZ8+e9fre/fnPfw5ZXaKiosJ+cd64
caMAIBYuXOjxfElJSVgH4oyKihLPPPOMRxlWrVolpk+fLhISEkRUVJRHgmL9+vU+JSY0Go3Q6/XC
bDaL1NRUceutt4odO3bI2zl27Ji44447VPmcKsXs2bMVj1fn5bw9FwkJDp1OJ8aMGSNWrlzp/wnr
p3Pnzoknnnii33dFYjAYDAaD4X+YTCaxfPnykN9P+GP58uVh/6GwayglN4RggmMghxYD0FVXXYV/
//vfKC8vx2uvvYYZM2ZAr9f3aZsGgwHLly/HoEGD5Od27NiB73//+0hKSkJBQQEyMzMxfvx4LF26
VJ6G02g04s0330R2dnaf9t+bP//5z4iNjfVrHYPBgH/9618eZdu5cyduueUWxMfHIz8/H1lZWRg/
fjyWLVvmMcXRQw89hFtuuSVo5XfTaDTYuHFj0KeC7U1MTAw0Gg2+973veTyfl5eHvLy8sJal67m6
YsUK7N27F42NjTAYDB7vTVVVFaxWa6/bFELA6XTCarWitrYWO3fuxFdffSW/rtFowv6e92T27NnY
tGmT2sUIGY1Gg7S0NCxYsAA//OEPAQAulwvNzc1B24ckSWhrawMApKWl4dFHH8XcuXOh1Q7Iyz4R
EdF3UnJyMrZv34558+apXRQP8+bNw+eff46UlBRV9v/WW29h/vz5quyb1DUg73Rfeukl3H777UhM
TPR4vqysDJWVlQFt84EHHkBRUZH8ePXq1Zg2bRo+/fRTj+UOHTqEe+65B3/+85/l51JSUvDII48E
tF9fPPLII5g1a5bf6y1cuBBTpkyRH69evRozZszAhx9+6LHckSNHcNddd+Gll16Sn9NoNLj//vsD
LrOS6OhoXHLJJUHfbm9sNhsAYOzYsR7PazQa7Ny5U9W5qa1WK5xOJwB0+3Lqcrl8mlu7MyEEHA4H
Ojo6glbGYBroyQ3gQuJz0qRJ8j9eh8OBo0eP4oMPPghKksPlcqGiogKffvopzp8/DwDIzMzEwoUL
PZK0REREFNlWrVrl8R2lP5k5c2a37xXh4C258fbbb2Pr1q1hLwuF34BMcHTW0NCAFStW4IYbbkBe
Xh6OHj0a0HZuvvlm+W+r1YoFCxb0uPyiRYs8vqjMnj07oP32Ji8vD4sWLZIf79271+d1O2d6m5qa
8NOf/hQOh0Nx+aeeegonT56UH1922WUwmUx+lrhnb7/9ttdkghACLpcLJ0+exEcffYTf/e53ePjh
h7FgwQI899xzWL9+Pfbu3Yv29nZIkuT3l/5z584BuPAlsKvk5GSMHDkysAoFWWtrq9w6CACGDBmC
6OhoFUsUXDNnzhzwyQ2NRoOcnBzcf//9iI6OhiRJKCkpwZNPPomnn34a7777Lurq6gLevtPpRElJ
CV5//XUsWLAAr7zyCtrb26HVapGbm4u77roLBoMhiDUiIiIitTz66KM+teZVg9VqxaOPPhrWfSol
N9ia47ujb/02+imbzYaNGzdi1apVePfdd9HS0tLnbY4aNUr+e/fu3Th9+nSPy7e0tODAgQO49NJL
ASBk3RxeffVVJCcnA7jQ0mLlypW4+OKLe10vMTHRo7XCpk2bfGrdsnHjRhQUFAC40MVlzJgx2L17
d4Cl96TVajF37lw5weFOUixevBgvv/yy/Ev0lVdeiV/+8peYNGkSjEYjAOD555/H008/DQAwmUy4
9dZbsWTJEhiNRp+a5B88eBDp6eleu2lotVr86U9/wlVXXRWUevaFJEk4dOgQ8vLyYLFYMGXKFOTk
5ODIkSNyK49IZTAYsGXLFp+WffXVV3t8btq0ad2eC3dXIyUmkwkTJ07ENddcAwBobm7GJ598gtWr
VwO4kBytq6vDY489hpiYGL+2LUkSKioq8Ic//AFvv/02AGD58uWYPXs25syZg+TkZPz4xz/GqlWr
Ak72EhERUf+xb98+zJ8/HytWrFC7KN3Mnz8f+/btC9v+mNwgN9UHAgl2xMbGKr62bt06edAWfwYZ
/cc//iHeeecd8c4774if/exnPq3zySefyPtqb29XXO6NN94Qzc3Noq6uTvzqV7/yuUx33XWXPNOI
w+EQV199tXjyySc9BqZRGmS06wCOvs6M8qtf/cqn7QcSo0aNEpIkCUmSRH19vbj88suFRqMRGo1G
pKWlibVr1wqn09ltdhWXyyWio6O9bnPQoEFi165dPc7IIkmSuPTSS8Wrr76quIzdbhc6nS7k525U
VJR47rnnPPb9/e9/XxiNRnmZu+++22Ng2H/84x9i6NChfu0nMzNTPP/88/I2jh8/Ln784x+HvH69
1T2c1Kpndna2ePfdd4UQF87dAwcOiNGjR8uva7VaMW7cOPHNN98Il8slWltbRUNDg+jo6OhWB0mS
hN1uF/X19aKtrU3YbDbxySefCIvFIm/PYrGI2267TdhsNiGEEOfPnxdPPPGEqseawWAwGAxGcOOF
F14I631Ub1544YWw1t/bgKJLly71WKbzrHUcZHTgxoBswRGMFhtd3XvvvX6vEx8fL/+tVKbp06dj
wYIFcquFRYsWYcmSJb02UU9PT8fzzz8vr/fOO+/g888/x/jx430qW3V1tceYGmvXrvVpPbPZ7PG4
vLzcp/V88Zvf/AZCCMyfPx/Lli0DcKE5/+bNmzFjxgzFcTAkSUJ7e7vX1yorKzF16lTk5OSgtLTU
a2sOIQR27NiBzz77TLFser0eGRkZOHPmTAA1C66NGzfiwQcfREZGBnQ6HW688UaUlJTgrbfeQnV1
tdrFox5oNBokJSVh+vTpAID29nbs3LkTR44ckZeJi4vDNddcg4kTJ6KpqQlr1qzBmTNnMH78eGRm
ZiIqKgrAhfO2ra0N1dXV2L9/P8aMGYNrr70W48ePx+WXXy6PD9Te3o7i4mIcOHAAkyZNQlxcHC67
7DL86U9/6rFLGhEREUWOX/ziFxg3bpzcQlRNa9aswS9+8Yuw7Y8tN6izAZng6A+Sk5NRWFgoP1Ya
GyMxMdHji7vRaERcXFyvCY7//d//RVZWFgCgoqICP//5z/0q39GjR/Hkk0/6tQ4AjzpVVFQEtZn7
iBEjEBcXJ8/8MGfOHHz66afQ6XQ9DvLZWxmEEDh9+jQMBgPeffdd3HbbbR7ba2lpwezZs3uchUaj
0WDOnDn417/+5Wetgq+qqgpLly5FVlYWsrOzkZSUhAceeACxsbH4+9//jtLSUrWLSAqMRiPy8/OR
m5sLAKivr8fatWuRkZEBh8OBhoYGeZwMp9OJgwcP4pFHHkFNTQ20Wi2SkpLkde12O06dOoW2tjYY
DAZccsklchLk0UcfxaZNm+TEX0NDA9asWYNJkyYhKioKBQUFyMrKCmqCkoiIiNQjhMBtt92Gr7/+
GiNGjFCtHMePH8dtt93m93h4gWJyg7oa8IOMquXFF19EXFyc/Phvf/ub1+XWrl2LnTt3yo9XrVrV
6xfUG264AbfffjuACxezX/ziF30alNBXeXl5HoOlfv7550Hd/sUXX4y2tjZoNBr85S9/wZo1a6DX
63udwWTbtm0+XUQlScKdd96J+fPneyy/ePFirFixosf9aDSasGTEhRDyWCNKXC4XVq5ciQ0bNsgD
2Q4aNAj33HMPXnnlFcydO9fj3POF3W5HQ0NDwOUm30RFRXnMYtLS0oIjR47ghhtuwOWXXw6TyYSR
I0di8ODBKC0txdKlS9HY2AitVgtJklBbW4vi4mIUFxfj4MGDaGtrg1arhdFoRElJCd555x1YrVak
pKRg6NCh8n5aW1uxZ88exXIQERFR5GtubsbcuXPR1NSkyv6bmpowd+7coE5735P33nuPyQ3qhi04
giw3Nxe///3v5QQEcGGQv48++sjr8g6HAzNmzMDs2bNhtVrxxRdf9Lj92NhY/PGPf5S7WnzyySd4
7733gleBHrzwwguwWCwALgzk2nkq3GDRaDTYsmULZsyY4fM6O3bs8HlZIQTeeecdnD9/Xu6ScubM
mW5TCnvTufVKqEiS5NOv6jU1NXjxxRfhcDhw0003ISkpCRkZGZgzZw6GDRuGjz/+GMuWLcOJEyd8
2q/Vau01sUJ9ZzKZkJ+fLz92Tw/buRXSl19+iffffx8lJSX4+OOPMXToUJw/fx719fVet5mYmIjr
rrsO5eXlePvttxEbG4vGxkacOnVKXsZut3ucV+5yfPnllyGoJREREanlxIkTuO222/DZZ5/5NNB+
sEiShNtuu83ne8++OnnyJIYNG+bxHJMbBDDB0ScLFy6Uv4hbLBakpqZizJgxHlMwrlq1Cvfcc0+P
23E4HFi3bp1P+3zxxRflD7N7poVwuPvuu3HLLbfIj5cuXYpDhw4FdR8ajQZffPGFPAOGL4QQqKio
8Htfn3/+OebNm4cHH3wQS5Ys6bWVCABkZGT4vZ9AdJ3qKyUlxes/qKNHj+Lll19GfX09fvSjHyEr
KwtmsxkXXXSRPLXt3/72N2zZsqXbWAsGg0EeywG40CrEbreHpkIk02q18rS+kiR5ndatoqIC9913
H4AL4/gMGTIENptNTnBotVqYzWZ0dHTA4XAgIyMDixYtwn//+188/vjj+NnPfgbgwucpKioKOp1O
nj65vb0dFovFoxxEREQ0sHz++ed4/PHHsXjx4rDt8/HHHw96624lTG5QT5jg6IOXX365xy/GCxYs
wJIlS4K2v8svv9xjsNPnnnsuLOMtFBUVYfHixXJdjx8/7veYH75YtGiRPPiiP2w2W0D7++ijj7Bk
yRKvU8N6o9eH/uMihOg2YGpOTo5iGY8fP46//vWvOH78OH784x9j0qRJiI6ORmZmJq699lrExsYi
Li4OGzduRGNjo7xeXFwc0tPT5cculyvg95ECY7PZUFZW1uMyTU1N3QYANpvNGD16NCoqKlBdXY1z
587h+eefx7fffuuxnF6vR3Z2NmJjY7F//355f6NHjw52VYiIiKifefXVVzFy5Ej89Kc/Dfm+3nzz
Tbz66qsh3w/A5Ab1jgmOPqioqMDgwYMVX3/66aflLiV9ZTAYsHjxYrl1yLZt28JyIRk0aBCWL18u
d+Gw2+148MEHQzJTzaJFi/xeR6PR+D3eBHDhV/AtW7YgOTnZ53WUZmoJJkmSPLoWABcGX+0puVJW
VoaVK1fi2LFjuPnmm/HDH/4QgwcPhsViwWWXXQaj0Qin04nVq1fLLTnS09M9xmhob2/H2bNnQ1Mp
kgkh4HK5AFxo9TVq1CjodDrEx8fD5XL51Ge2o6MDFRUV8mewtrYW//znP7st53K5UFdXJy9nsVg8
khuSJAWjSkRERNRPPfTQQxgzZgwuvfTSkO1j+/bteOihh0K2/c6Y3CBfMMHRB/feey+GDx8OAIiO
jkZ6ejomT56MKVOmwGAwICsrCy+99BJGjx7dazeV3vzud7/DuHHjAABtbW149NFH+1z+3sTGxmLl
ypXyhUQIgaeeegobN24M+b79MXz4cGzYsMHn5TUaDT755BO/L/a9/doeDEII1NXV4cSJEygoKIBG
o8GYMWN6bT3S0tKCr776ClVVVTh27Bh+8pOfoKioCBaLBVOmTMG9996LpqYmbNmyBQCQmZkpj7Dd
2tqKsrKykCStyJPT6fQYS0Or1SI5ORlTp05FU1MTtm7d2us2HA6HT9MBS5IkJ0y0Wq1Hl6Su5SAi
IqKBx+l04sYbb8SePXuQk5MT9O1XVFTgxhtvhNPpDPq2u/KW3Fi7di2TG9QNExx9sH79eqxfv77b
89OnT8ff/vY3+dfS+fPn48CBAwH3g5s4cSIeeeQR+fGrr76qOO1sML3//vuYOnWq/PiNN94IaauR
QKeTmjVrFv7yl7/4tKxGo8H+/ftx0UUX+TTuRmedZ7sJJUmSUFxcjGHDhkGj0SA/Px85OTlobGyU
f/1XUlpaiuXLl6OpqQk/+9nPMHnyZFgsFsyYMQOlpaU4deoUmpubkZubi4SEBAAXphA9efJkOKr2
nWez2Ty6kpjNZmRnZ+OTTz7xeK6goAANDQ0+jy/jHpdDr9d7bQXi7tbiZrVacfz48T7UhIiIiCJB
bW0t5s6di6+++gpmszlo27VarZg7dy5qa2uDtk0l3pIbwIUJEIi64jSxIfDll19i7ty5qKmpkZ/r
nKDw12uvvSZfkA4cOIBnn322z2XszdKlS3HdddfJj1etWoWHH344pPsMtIXEpEmTfEpWJCYmwul0
YuzYsX4nN4QQWLNmTUDl85ckSVizZo2c8ImNjcX3vvc9n/8ptbS0YM2aNfjrX/+KAwcOALgw5sbM
mTNxySWXID8/32NGmJqaGnk5Cq2Ojg5UVlbKA7rGxcXhkksu8VimoKAA69atw1NPPSU/p9Vq5RmM
uj5nsVhgMBgwdOhQ+bh2XT42NlZOVrpbdnTtCkVEREQD0759+4Le0mH+/PnYt29fULfpjVJyg0gJ
W3CESElJCVasWCH3ScvNzcXs2bOxefNmv7bz1FNPebSi+Oqrr3pMllxzzTUej2+++WaMGTNGfvzX
v/6117EkXnjhBdx9993y4w0bNnhMexsqK1aswC9/+Uu/1+utyZ3ZbMbf//533HHHHX4nNtyEENi+
fXtA6/pLkiRs2LABDQ0NSE5OhkajwS233IIPP/wQbW1tPrV0aWlpwWeffYahQ4ciKysLGRkZGDp0
KKZOnYrU1FT5nOro6EBpaWlYWgTRhe4l5eXlOHz4MCZMmICEhARcffXVWLp0qfy5bGhowKpVq/D1
11/L68XExGD8+PEe00jHxMRg9uzZ0Gg0+Pjjjz2SVJ2X12q1yMrKwlVXXQXgwngrBw4cQFtbW5hq
TURERGr74IMPMGHCBDz55JN93taLL76IDz74IAil6hmTGxQo8V2KdevWCbfq6uqQ7mv+/Pmis4UL
F/q9jfr6ehFMgwYN6nF/jz32mJAkSV5+165dIj4+PizHJiMjQ7hcLr/rJEmSGDlyZLftWSwW8eab
b4qOjg6POgWirq5OaDSasJ2nGo1GvPfee8LhcAghhLDZbOLee+8VMTExfm3n8ssvF5s3b5brsXv3
bo/H5eXlAZ2XoYioqKg+HSN/qVXP1NRU8eKLL8rlKCsrE3PmzOlxneTkZHHLLbd4PDdkyBDxn//8
R3zyySfdlk9JSZGXT0hIEE8++aS8v8rKSnH77berfrwZDAaDwWCENzQajVi9enWf7p9Wr14dlnvi
kydP9lqWWbNm+bXNLVu2yOs+88wzQS9zKKh9zkRoqF6AsEYgCY7c3Fzx+OOPyzFp0iSf1rv++us9
TtBf/epXfpc3kC/8PekpwXHnnXcKu90uL3vo0CGRmZkZtmOj1WpFe3t7QPXatGmTMBqNIiMjQyxa
tEhUV1f3OanhJkmSeOGFF8J+rs6ePVs0NjbK9SguLhaFhYVCr9f7vI2RI0eK5cuXy3WxWq2ira1N
CCGE0+kUa9euFWPHjg173bzFdyXBYTAYxOzZs+XkZVtbm1ixYoVITEz0+/0aNWqUGD16tOIyer1e
TJkyRRw+fFgIIYTD4RBbt24Vqampqh9vBoPBYDAY4Y+4uDhx7NixgO6djh07JuLi4kJeRl+SG0Iw
wcHwHuyi4oPk5GS8/PLL8uOXXnoJ33zzTa/rZWZmejzuPCaHrz744ANotb4PlXLllVfKU7oCwJ49
ezwGNVRqln711VdjyZIlMBqNAC6Mh3HDDTegqqrK7zIHSpIkPPfcc3juuef87koya9YsVFdXIz4+
3q/3y9dy/e53vwvqNn2xc+dObN68Gddddx0MBgOKiopw5513YvHixaiqqvKpq4rD4fAY2dpkMsl/
V1dXY+vWrRxsMswcDgcOHz6MZcuW4aGHHoLFYsGsWbPwk5/8BEuWLEFrayu0Wi1iYmJgMBhQV1cH
4MK4GnFxcYiNjUVFRQXsdjuOHj2quB+dTof8/Hw88MADGD16NIQQOHv2LP7yl78EdC0iIiKiyNfc
3Iy5c+di+/btSE1N9Xm9mpoazJ07F83NzSEsHbulUHConmUJZwTSgiM2NtajZcG2bdt8Wu+dd97x
yMAVFRWFvH6dm6ILIcTVV1/d6zqTJk0SNTU18jpVVVWisLBQleOj0WiE0+kMKMO5ePHigNftyfbt
28PaPaVzzJgxQ5SWlsoteaqqqsTChQtFUlKST+uPGzdOfPTRR93q1NraKt5///0ef/0Pd3xXWnAA
F1orTZgwQZw4cUIuT2VlpfjRj34kYmJihMViETNmzPDolmKxWMScOXPEb37zG3kbUVFRXrevBBPq
MgAAIABJREFU0+lEXl6eR1cYq9UqVq1aJaKjo1U/1gwGg8FgMNSN6dOni46ODp/umTo6OsT06dND
XiZfW264sQUHQyFUL0BYI9AxONavXy+v53Q6e+3DXlRUJBobG+V1jh49Gpb6+ZvgGDZsmCgrK5OX
r6+vFzNmzFD1GD3xxBMBXQCcTqe4+uqrg9Y1RQghXC6X0Gq1qr4fzzzzjGhoaJDrVVpaKu6//36R
lpbWa9luvfVWsW/fvm7v065du8QNN9ygar26xncpwQFAxMTEiPnz54va2lr5XDtx4oSYP3++T91V
oqOjxbhx47o9r9frxfDhw8WLL74oWltbhRAXbky++uorn7vXMRgMBoPBGPhx//33+3TPdP/994e8
LP4mN4RggoOhGKoXIKwRaILj2muv9Wgd0NTUJB577DHFZUtLSz1Ozp4uDG+88YZobm4WdXV1AY3T
0Tn8SXCkp6eLgwcPysu2traK66+/XvVjpNVqPZJD/ti0aZN45JFHgjJ2iSRJYtGiRaq/H8nJyWLp
0qXy2BlCXEhyPP744yIrK0sxyZGRkSFef/11j/WEEKKkpEQ89thjIjY2VvW6dQ6TydTnY+YPtevr
PrbPPvusaGpqkst17tw58eSTT4ohQ4YIi8WiuG58fLyYOXOmx+cmISFBTJkyRSxdulTentPpFAcO
HBDXXnut6vVlMBgMBoPRv2LJkiU93i8tWbIk5GUIJLkhBBMcDMVQvQBhjb7MorJ48eJuJ93Zs2fF
6tWrxbvvviv++9//iqNHj3Zb5sMPP1Tc5vTp0z1aHNjtdpGcnBxw/fxJcKxcudJjWZvNJmpqavyO
UAzAGeiMKi6XS/zgBz8Qd9xxR59bcpSUlKjWNaVrDB8+XHz22WfCarXK5auqqhKLFi0So0eP7tZV
ISUlRTz44IPy4JJuZ8+eFb///e/DOnisr/FdTHC4z/U33nhDbskhxIWBRz///HNx2223iaFDh4rk
5GSv3VG0Wq2Ijo4WGRkZYsKECeLJJ5/0OOYdHR3iwIED4oEHHlC9ngwGg8FgMPpf6PV68cUXX3i9
V/riiy/8Gtw+kAg0uSEEExwM78FBRv3w2GOPwWq1YuHChYiKigJwYSDRroOJugkhsGzZMtx7772K
20xMTPQYUNNoNCIuLk4eWDCUug4sFBUVJdfLHzExMcEqkqy6uhq33HILPvzwQ78GHNVqtfjoo4+Q
mpqK3NxclJaWBjToqN1ux9ixY30ayDMcTpw4geeeew46nQ4zZsyA2WxGRkYGfvGLXyA3NxcrV67E
N998g6amJmRlZeH666/Hfffdh9GjRwO4MFBqVVUVVqxYgaVLl4Z18FjqWXV1NRYtWoRz587hvvvu
Q2ZmJiwWC+bMmYNZs2Zh//79WLNmDfbu3Yvy8nJIkgSbzQaLxYKoqCiMGjUKl1xyCa666irk5uYC
uHDtsdvt2Lt3L5577jmsXr1a3UoSERFRv+R0OnHjjTdiz549yMnJkZ+vqKjAjTfe6DFYfbD1dUDR
xYsXo7Gx0eflx48fH/C+KLKonmUJZ/SlBYc7pk+fLj788EPR0tLiNdNms9nE5s2bxU033dTrtgwG
g9ixY4e8bk+tPXwJf1pwdM5i9sXrr78esuP17LPPBtQSw+VyiaioKKHT6cT27dv9ag3S0dEh0tPT
VT9XvcW0adPEhx9+KGpraz3qtG/fPvHkk0+KefPmicWLF3uMq9LR0SGOHDkinnnmGVFQUKB6HZTC
aDT6fZz7Qu36do2YmBhxxx13iOLiYo/WHF21tbV1a5nTmcPhEOXl5WLVqlUcc4PBYDAYDIZPUVhY
KE+q0N7eHvIJB/rSciMY2IJjQIfqBYjYMBgMYs6cOeLBBx8Uv/zlL8UjjzwibrrpJhEfH+/3dq66
6ipx2WWXqV6n/hhPPfVUQN1V7Ha7GDRokAAgxowZIw4ePNjrdmw2m0hPT+83XVO8RU5OjnjllVfE
yZMnex39uqWlRezYsUP8z//8j88zr6gZ4bJ161bV6+ottFqtGDx4sPj1r38tjh8/Ls6fPy9sNluv
9XG5XKKlpUVUVlaKrVu3innz5nG2FAaDwWAwGH7FvHnzhBBCzJs3L6T7UTu5IQQTHAM5NP//D6J+
bebMmdi4cSN0Op1f63V0dGDu3LlYu3YtAGDIkCH4+c9/jvvuu0/elrsLTHl5OUaPHg273Y5PP/0U
O3fuxAcffIDBgwfL6/cXFosF8+fPx+23346LLroIcXFxHl1xJEnC+fPn8cUXX+Dvf/87tm7dio6O
DhVL7Bt3t6JQKikp6ffzqxsMBgwbNgzXXXcdLrvsMhQUFCAqKgomk8njODudTlitVrS0tGDfvn3Y
sGEDNmzYgJqaGhVLT0RERJFq6tSp2LlzZ8i2P2/ePCxYsCAo29q3b59fXVQ627JlC7Zs2RKUcnQm
gti93Z9u+vR/mOCgiGE2m3Hy5ElkZ2f7tZ4QAlu2bMHll18uP6fVamE2mzFs2DD89Kc/RU1NDZ59
9llIkgQAeOWVVyCEwOHDh5GZmYnf//73Qa1LsEydOhV33XUXZsyYgdzcXJhMJjQ2NqK8vBz/+c9/
8O9//xunTp1Su5h+0Wq1GDJkCMxmc1C3K4RAfX09zp07F9TthprBYEBWVhYGDRqE/Px8REdHA7iQ
xKqvr8fJkydx9uxZJjWIiIiI6DuPCQ6KKBqNBuPGjcPmzZuRkJDgV2ZTCIF77rkHy5YtkxMZve0r
mFnYUImJicHNN9+Mhx9+GMOGDcO6devw2muv4euvv4bdble7eERERERERGHBBAdFrMLCQixevBjT
p0+HXn9hQqCeEh5CCEiShIaGBlxxxRXYv39/uIpKREREREREIcYEB0U8nU6HrKwsXHPNNbjmmmtQ
WFiI9PR0mEwmNDc3o6ysDDt37sRnn32GL774Ak1NTRHRMoOIiIiIiIh8xwQHEREREREREUU8be+L
EBERERERERH1b0xwEBEREREREVHEY4KDiIiIiIiIiCIeExxEREREREREFPGY4CAiIiIiIiKiiMcE
BxERERERERFFPCY4iIiIiIiIiCjiMcFBRERERERERBGPCQ4iIiIiIiIiinhMcBARERERERFRxGOC
g4iIiIiIiIginj42NlbtMhARERERERER9QlbcBARERERERFRxGOCg4iIiIiIiIgiHhMcRERERERE
RBTxmOAgIiIiIiIioojHBAcRERERERERRTwmOIiIiIiIiIgo4jHBQUREREREREQRjwkOIiIiIiIi
Iop4THAQERERERERUcRjgoOIiIiIiIiIIh4THEREREREREQU8ZjgICIiIiIiIqKIxwQHERERERER
EUU8JjiIiIiIiIiIKOIxwUFEREREREREEY8JDiIiIiIiIiKKeExwEBEREREREVHEY4KDiIiIiIiI
iCIeExxEREREREREFPGY4CAiIiIiIiKiiMcEBxERERERERFFPCY4iIiIiIiIiCjiMcFBRERERERE
RBGPCQ4iIiIiIiIiinhMcBARERERERFRxGOCg4iIiIiIiIgiHhMcRERERERERBTxmOAgIiIiIiIi
oojHBAcRERERERERRTwmOIiIiIiIiIgo4jHBQUREREREREQRjwkOIiIiIiIiIop4THAQERERERER
UcRjgoOIiIiIiIiIIh4THEREREREREQU8ZjgICIiIiIiIqKIxwQHEREREREREUU8JjiIiIiIiIiI
KOIxwUFEREREREREEY8JDiIiIiIiIiKKeExwEBEREREREVHEY4KDiIiIiIiIiCIeExxERERERERE
FPGY4CAiIiIiIiKiiKdXuwBERERERERE30VCCDm6PgcAGo0GGo1Gfs39uPNz9H+Y4CAiIiIiIiIK
g84Jja6JjZ6W76pzooMJj//DBAcRERERERFRiLgTFJIkQZIkj+c1Gg10Oh10Oh20Wq0c7oSFEEJe
T5IkuFwuuFwuSJLkkdRwr/NdT3YwwUFEREREREQUZJ1babgTG0IIaLVaREVFwWg0wmg0wmQyyY91
Oh0MBoNHkqKjowMulwsdHR3o6OiAzWaD3W5HR0cH7Ha7R+Lku57oYIKDiIiIiIiIKIgkSeqW2IiK
ikJMTAxiYmJgsVhgsVhgNBqh1fY894fJZOq27Y6ODlitVrS1taGtrQ2tra2w2Wzy/jQajdwa5LtE
Exsb23OnHyIiIiIiIiLqlTup0bn1hslkQkJCAuLj4xETE9MtYdFXNpsNbW1taGpqQmNjI6xWq0cr
js5dXgY6JjiIiIiIiIiI+sjdVcSd2NDr9UhMTERKSgpiYmJgNBp93pbdbpeTI75yOBxoaWlBfX09
6uvr4XA4PJIc34XWHExwEBEREREREfWBe+BP4EIrjri4OGRmZiIuLk4xsSGEgN1uR0tLC9ra2uRx
NTp3bXG3vjAYDDCZTIiOjpZbgSi1ynA4HGhqakJVVRWam5vl5bRaLXQ6XQhq338wwUFEREREREQU
oM7JDa1Wi+TkZGRnZ8NkMnltNdHR0YG6ujrU19fDZrPJ6/c2bWznWVZMJhOSkpKQnJyMqKiobstK
kgSbzYaqqirU1NR4lG8gJzmY4CAiIiIiIiLykxACLpdLTkrodDrk5OQgPT3daxLBZrOhsrISNTU1
PSYy3DQaTa/LaTQapKSkICcnx2t3FkmScP78eZw+fdqjy4pOpxuQ43IwwUFERERERETkp84tL3Q6
HfLz85GWluZ1uTNnzqCiogIAuiUWfJnatfOgpV1bergfDxo0CDk5OV6TK7W1tTh16pSc5BioLTmY
4CAiIiIiIiLyQ9duKSNGjEBiYqLHMpIkobGxEeXl5Whvb/dIXri7mgTaiqLrbC3u50wmE3Jzc5GY
mNite0xjYyNOnDgxoJMcTHBQvxcTE4PU1FSvr9XW1qKlpSXMJSK6YMiQIV77Vba1teH8+fMqlIj6
q2CeKzk5OdDr9V5fa2xsRENDQ0BlJCIiIt9IkgSXywUA0Ov1yM/PR0pKiscyTqcTNTU1OHPmDOx2
u8dAn8GcttXbtLRGoxFZWVlIT0/vds9QV1eHkpISOJ1OABe61Qyk2VW83yER9SPJycmYOnWq19e+
/vrrfpvgsFgs0Gg0aGtrU7soFCKTJ0/2+kXz9OnTTHCQh2CdK3l5eYrXw5aWFmzevDngMhIREVHv
Os9wotPpMGTIEI/khntmlLNnz6KmpgYul8tjmtaeEhs9DTKq1H3FPZ6Gu1ySJMHhcKCyshJ2ux0Z
GRkwm83yusnJyZAkCaWlpXA6nR6tUAaC70yCIy0tDampqYiJiUFUVBR0Oh0kSYLT6YTNZkNLSwvO
nz+PxsZGtYtKES4vLw9jx45FdHQ0AKC9vR2HDx/Gt99+q3LJiPwXFxen2FogGMxmM3Q6HaxWK1wu
F5xOJ5qbm0O2v0hmMpkwfvx4r69ZrVZ88cUXTKgSERGFUNdBRdPT07u1NLdarThz5gxqa2vl5Xzp
CtJ12131NjBo59fdLUzOnTsHh8OB7OxsREdHy+umpqaivb0dZ8+elRMjPY3/EUkGdIIjPj4eI0aM
QFZWFsxms0/rNDc3o7KyEidOnIDVag1xCWmgSU9Px+TJkz0yoBaLBRMnTpQvdkSRZPLkyYpdxEKh
trYW69evD9v+IsmECRO8/i/r6OjAl19+iaamJhVKRURE9N3RuStISkoKMjIyPO77bTYbKioqUFdX
BwAeLTd83TaAbj8uOZ1OORHRW6LEvS/39urq6iCEwJAhQzzuIzIzM2G321FTUyMvPxDG4xiQCQ6j
0YjCwkLk5ub6fZDi4uIwevRoFBQU4NixYzh06FCISkkDUV5entcLmEajQX5+PhMcRBSQnJwcDB48
uNvzLpcLu3btkm9OiIiIKDQ6dx8xmUxIT09HVFSU/LrT6URVVRXq6+sB+Jfc6Nxqw2QyISMjAwaD
Qd7u6dOn5TE/fOHuCuNuEdLQ0ACj0YicnBx5u0ajEZmZmWhtbYXNZpPrF+mtOAZcgiMlJQWXXHIJ
YmJi+rQdg8GAsWPHIj09HTt27EB7e3uQSkgDWeeLXFdGozGMJSGigcJgMKCwsLDbDYcQAsXFxais
rFSpZERERN8dnVtYpKSkICYmxuN/c21tLc6fPy8nCXxNbrh1HiA0OTlZ/l7R0dGBM2fO+JXgAP4v
weIud01NDUwmEzIzM+VyWywWpKamoqKiwucWIv3dwBhJ5P/LzMzErFmz+pzc6CwtLQ2zZs3yuYsL
fbf11ESczceJKBAXX3yx1/9r+/fvx6lTp1QoERER0XdL5xlK4uLikJSU5NGNxGazya0sAkluhErn
gU1dLhcqKys9xuvS6XRISkpCfHy8Rx0jmfrvepAkJiZi2rRpcpMbJUII2Gw2NDU1obm5GTabrddt
x8fH49JLLw1WUWkAO3LkiNcBEltbW3H48GEVSkQUWaqrq9UuQr+SmZmJ/Pz8bs8fO3YMR48eVaFE
RERE3z3uVhAajQYJCQnyZAJup06dgsPhAPB/LSf6i84ztzgcDpSVlXm8bjabkZycDK1W6zFDTKQa
MF1UJk2a1GMXgMbGRpSVlaGsrKzb4KGxsbEYPHgwhg0bBovF4nX9lJQUjBs3DgcOHAhquWlg6ejo
wLp16zB69GgkJCRAo9GgsbERR48ehd1uV7t4RH47fPgwTCZT0LZXWFiouL3a2locPHgwaPsaCIYP
H97tf1Z1dTX27t2rUomIiIi+Wzq3aoiLi0NCQoJHAqO2thYNDQ3yLCT9Kbnh5k5eABdalZ8/fx5p
aWnya7GxsYiNjUVTU1PEj8UxIBIc48ePR3JystfXhBA4duwYDhw4oJiNamlpweHDh3Hq1ClMmTIF
mZmZXpcbPnw4vv32W47HQT1yOBzYv3+/2sUgCoqqqqqgbWvEiBGKyQ2Hw4Hi4uKg7Wug2Lp1q9pF
ICIi+s5zf+mPjY3t1nrj9OnT8t89TeOqJvcUsk6nExqNBuXl5XKCA7gwFkdsbCyam5sjPsHR/9JL
frJYLBg+fLji64cPH8a+fft8ampjtVqxbds2eeTbrgwGA0aNGhVwWYmIvqvi4+MxduxYxdcPHTqE
hoaGMJaIiIiIqHfu75EmkwmxsbHdBha12Wxy643+nBTo3LrEbrfj/PnzHq/FxsbKP0RF8jgcEZ/g
GD58eLd5gt3Onj3rd3NnSZJQXFyseFAHDRrkdxmJiL7rJk+erDhGUnV1NY4dOxbmEhERERH1zD0m
hRACJpPJo/WGEAK1tbXy40iYfcSd4NBqtaipqfH4zhsdHQ2LxeJR50gU0V1UtFothgwZ4vU1SZIC
7stdV1eH2tpapKamdnvNYrEgMzPT72bbBoMBGRkZSEpKQlRUlMe8xu3t7WhoaEBVVZXP0/8YjUbF
MUfsdrs8yI0vtFqt4tgjTqfTp4FYg12/cIiOjkZWVhbi4uIQFRUFrVYLl8sFm82G5uZmVFVV+d0d
Sa/XKzbB7+m4mM1mrxdFh8PhMXaHxWJBbm4uoqOjYTQa4XA4UFNTg9LSUp/L6K63O0vrnj7Kbrej
tbUV1dXVIZnxJTU1FWlpaTCbzTAajR7vd0tLC6qqqjxGdVZLZmYm0tLSYLFYoNPpIEkS2tvbUVtb
i7Nnz4Z84CW1jk8ojR07FikpKV5fs9vt+Oabb/q0fbXes1CfKzqdTnEGL3+v825qXqvT0tKQmpoK
i8UCo9EIjUYDp9MJq9WKpqYmnDlzJqA69WQgfp6IiCj8tFotzGazPHUrALS3t6O1tVV+3J9bb7i5
W5kIIdDW1oa2tjZ5praoqCiYzWaP8ToiUUQnOHJychS/mJ8/f16xq4kvzpw54zXBAQDp6ek+JziG
DBmCoUOHIjU1tdcBZxwOh/xLZudsoFIZlGZ2KSkpwddff+1T+QAgNzcXU6ZM8frakSNHehxPIlT1
C6VBgwZh5MiRSElJ6fFCJEkSampqcPjwYZw7d86nbWdnZ2PatGleX/v6669RUlLi9bWpU6ciIyOj
2/OnT5/Gl19+Cb1ej6KiIgwePLhbi6XExESfEhy5ubkoKChAcnJyrxdg96C8fZ2lIT4+HgUFBcjJ
yel1oEohBOrr61FWVoYTJ070ab+BGDVqFAoKCrr1q+ysvb0dJ06cCMnsFWocn3BITU3tsWvf/v37
PW4O/KHWexaucyUxMRFXXnml19cOHDjg18xMal2rjUYjxowZg8GDByv+v3ZzOp04d+4cjh8/7vM1
V8lA/TwREVF4ub/o6/X6bv/Hmpqa5B8E+uPAokrcCQ5JktDY2OgxFb37h0i73Q5JkiKiVUpXEZ3g
8PaF0O3s2bN92nZdXZ3ia3Fxcb2un5ycjKKiIsXBT70xGAzIycnBoEGDUFJSgj179ij+ilZRUQGr
1er1173OA8b4QmlQVSFEt2mE3EJdv1CIi4vDxRdfjKysLJ+W12q1SE9PR1paGk6fPo3du3eHfSYU
vV4Ps9mMmTNnIjEx0esyvf1KnJycjMLCQr/Oi4SEBBQWFiI3NxcHDx5EZWWlX+UGgDFjxmD06NGK
Xci60mg0SE5ORnJyMoYOHYri4mLU1NT4vV9/xcfHY9KkSYoJzc4sFgsKCwuRlZWFHTt2BGX/ah2f
cNDpdJg4caLiP8eKigrFpF9P1HrP1D5XAqHmtXro0KG46KKLek1suOn1emRnZyMrKwtlZWUoLi6G
0+n0a58D+fNERETh505wGAyGbv/PWlpa5PvwSEpwuFszSpKE5uZmj9fMZjMMBgPsdnvEtuKI6ASH
0hc+4MKNc1/U1taiqanJ68na28EeMmQIJk+e7PMXu640Gg2GDRuGmJgYbNu2TfHGsqqqCvn5+d2e
j42NRWJios8D9indrNfX13ttuhuu+gVTSkoKpk+f7vONdmcajQZDhgxBbGwstm7d6lOXnWDR6/WY
OnVqj+d6TwYNGoSpU6cqjn3Qm4SEBEyfPh379+/3a4yEadOmKXYf83W/s2bNwq5duzxGpg62mJgY
zJgxwyNz7Yu0tDRcdtllff5nptbxCZfCwkIkJCR4fa29vR27d+/2e5tqvWdqnyuBUPNaPX78eIwe
PTrg/ebl5SE+Pt6va+5A/zwREVH4uRMYOp3Oo3uK0+n0SAJ4ay3YeXrZYHG3vPCFu0xdy9b5sc1m
g8PhkP93RkVFyfcNTHCoIDY21uvzNputz1O5SpKE1atX+71eTk4OpkyZEpTmPBkZGSgqKlLsbnL6
9GmvCQ53OXxJcKSnpyv28T5z5ozX7YarfsGSmpqKGTNmKI5Z4qukpCTMnDkT69evD/k4DG6+/Aqp
dPEZMmRIUI6VVqvFxRdfDL1ej0OHDvW6fFFRUZ+SG256vR6TJ0+WxzQINp1Oh8suu8zvL6xuSUlJ
fdq/WscnXLKyslBQUOD1NSEE9u7dC6vV6tc21XrP1D5XAqHmtbqwsDAoM44lJSXh0ksvxYYNG3pd
dqB/noiISF06nc4jgW6z2eRWhl0TCIEO0unL8v4kONzcs6d0Lmfnbio2m02um8Fg8PhhJBKni43Y
BEdMTIzir1KB9ufuK5PJhAkTJijeYDmdTlRXV6Ourg52ux1GoxEJCQnIzMz0yAh2lp+fj9LSUq9N
9auqqtDa2ur1pjs9Pd2nMivNCiNJUrfuKeGuXzAYDAZMnjy5x+RGe3s7mpub4XA4YDabERsbq1je
pKQkjB07tsdxScLN28UwNjYWRUVFPd7s2+12NDU1yccqNja2xxYuY8aMQUNDg9fEl1taWhqGDRum
+HpNTY183kqSBIvFgoyMDGRkZHj9hdtgMGDChAlYt26d4jYDNXbsWMXWBW5WqxVtbW1wuVyIiopC
XFxcUH6JV+v4hEtUVBSKiooU/yGWlpb63TJHzfdMzXMlEGpeq7OzszFy5Mgel2lsbER7ezskSYLZ
bEZiYqLie5Wamorx48f3eM0d6J8nIiJSR+d7bPcA+W4Oh0NONAQrwdF1n0qv+bNddyKj6xS2nRMc
HR0dHs8bDAb59UgUsQkOpdYbADwOUjiNGDFC8Yapvr4eO3fu9NrlIzo6GtOmTfM6y4BGo0FBQYHi
TeXZs2cxfPjwbs8nJSXBbDb3+gupUguB2trabjNaqFG/vpowYYLimCk2mw379+/HqVOnPJ43GAwY
OXIkRo8e7fWme8SIESgrK1Nl5H2HwyHfpAshoNfrvSb0Jk+erPhFxeFw4NChQzh58mS3Jud5eXkY
N26c1+Os1WpRVFSE2tpaxbFICgoKFLt17d27F8ePH+/22vHjx5GdnY2pU6d6TUQlJycjOzs7qF80
4uLiFFsXABeSXgcOHOg2eKvFYsGoUaMwbNiwPn15Vev4hEtRUZFia4fW1lbs2bPH722q9Z6pfa4E
Qq1rtV6vx4QJExQTWzU1Ndi7d2+3Ma7i4uIwbtw45OTkeF2voKAA3377reIsSwP980REROrSaDTd
flh3uVxeEwCdW1jExsYiLi7O7xYQJpPJI2mv0+mQlZXl90xjkiShqakJ7e3tcncZb2XpOt6VXq9n
gkMNPf0i7++gZMGi1BrCbrdj27ZtismGtrY27NixA3PmzPFar566KZSXl3tNcGi1WuTk5PQ4G0Vs
bCzi4+O9vubty6Qa9euLuLg45Obmen3NZrNh8+bNaGxs7Paaw+HAwYMH0dLSgqlTp3a7EOh0Ogwd
OjSgL2mBstvtOHr0KE6cONFrP/hBgwYpvqd2ux1bt25VHES3tLQU586dw+zZs70mhqKjozF8+HDF
KZiV9ltZWek1ueF25swZ7Nu3D5MnT/b6+qBBg4Ka4Bg6dKhiC7C2tjZs2rTJa+LIPW5EbW1twM3h
1Tw+4ZCbm9vj9N3FxcV+/4NW8z1T81wJlFrX6qFDhyomtqqqqrBt2zavzWqbm5uxfft2TJo0yWsL
MIPBgPz8fK/HaKB/noiISH3uLh6ddU5weGvBIYRAXFwccnJyAvqho/M2dTqd4qQQPXGsOgxzAAAg
AElEQVQ4HHA4HGhra4MkSR7lcG/fW5eXzt1ZIrGLSuQM99pFTyeKWgmOnm7semtJ0draqjj1rNls
Vty2ezBUb3qaZQa40Efb2wnrcrm8zp6iRv36YuTIkYrnyd69e70mNzorKytTHKxW6ZfGUGhvb8fG
jRtx9OhRnwb56+nX5t27d/c4Q5B7fzt27FDcV15entfnDQaD4lSwvkz5WFJSojh2ji8zF/lD6Qug
EAK7du3qtZtbeXl5wIMQqnV8wiE6OhoXX3yx4uvffvutz1Nsd6bme6bmuRIota7VSgllu92Or7/+
utc+w7t37+42mrub0o3dQP48ERFR/+Vr6wZ3ssDf6CqQbShtq6twjS0YLhHbgqOnBIcazWn0er1i
H+H6+nqfttFTl4fo6GjFG+mzZ896bYmRmpoqTwPkjdI4HefPn+82ar2a9QuU0heT+vp6xelvuzpx
4gQGDx7c7XmLxYKUlJSQDH7Z1e7du33uDhMdHa14XGtqalBeXu7Tdurr61FeXu51ENvo6GgMGTKk
27Z6+oXa18x1RUWF1+5nfR00uLPU1FTFL2nV1dU+JWMA4NChQxgzZoxf+1bz+ITDxIkTFZNcjY2N
2Ldvn9/bVPM9U/NcCZRa1+rExETFwVRPnz7t02fYPfbTuHHjur2m1MJiIH+eiIio/+j6/TKSpoXt
Tde6dJ79JdJabwARnODob5xOZ59/petp7JCepr0rLS3FyJEju52ARqMR2dnZXlsh6PV6r/2sAe/d
U9SsXyDS09MV+2T709WhpqYG7e3tXvtop6amhiXBUVlZ6fOyWVlZihciX5M6bt9++63iLD1paWnd
bvjdo0l7a86fm5uLkpKSXltXhaPbj9K0yIB/00sHku1W8/iE2ogRI5CVleX1NZfLheLi4oCmhFbz
PVPzXAmUWtfqnloM+nMuKo3x4W4h1jn5PpA/T0RE1H8IIbrdw3TtxuGNu3uIv0kC95S0nbdvtVr9
/hHf3UUF8N6Nxv181wRHpLfoYIKjH+nppO3pg9HU1ISGhgavv55lZWV5vREfNGiQ1y+iDofD7xtD
XwVav0D0dLPtzxcTAIoJjt5mVVBDcnKy1+ddLpffN+h1dXWKs/Qo/VJbV1fn9RfVpKQkXHnllTh0
6JDf73+wKR03SZL8SiYFQu3jEyrx8fEYO3as4utHjx4NeCBhNd8zNc8VNQVyrU5MTPT6fEdHh1/H
vr6+XrEFStdyDdTPExER9S/exqnQ6XReW3F07hZy/vx5n1t7dpaQkICCggL5x1qHw4EjR450a2Hv
C1+6q/g6gGqkiNgER0+Zpf7WlEar1SI5ORlJSUmIi4uD0WiEXq+HTqfzKKvSzZovzpw54/UmTGnw
NaVfWs+dO+f3AIDhqJ+/ehqzISkpya8bVqXzqaeBbtWiNLtQW1ub38cVuDD4n7cbfqX9lJSUKDYZ
T0hIwKWXXoq2tjacP38etbW1qKqqUpwZIVSUZpewWq1+z5bgcrn8GjxS7eMTKpMnT1b8Zb+2trZP
gzSq+Z6pea6EQiiv1Updefz9fDudThw5csSnZQfq54mIiPqHzv8bOzo6PAbcdE+lCnjvvqI0hWxv
ekosBNotxlsrDfd+tFqtx3caIQQcDgcTHGroKcGhNOJ9uGVmZiIvLw/p6emK/dKDpbS0FGPGjOl2
8sbExCA5ObnbQGtKTa/9+XU9nPXzV0/Jh6lTp4Z8H8Hib6ZWqUyBjmGhNC6KwWDwOr5LeXm5fF4o
iY6ORl5eHvLy8iCEQHNzM+rq6lBdXR2WZuBKX8R7G3zRG38v/mofn1AYO3asYnc3h8OB4uLiPm1f
zfdMzXMlmMJxrVZ6r0I5xepA/DwREVH/5HK50NHRIbeqMJlM8ndObwkO9zSr/vz/92V5XwcOdS+r
tE7nBEfnewOHw+HRpby/NRzwRf/IBASgp5smtRMc8fHxKCwsVGwlEQptbW2ora312mIjJyfHI8GR
mprq9ZdJu92O06dP97ovNernr2CP6eFNOM4zf8csUKp3oDML9fQraHR0NFpaWro9v3PnTgghFPuz
d6bRaBAfH4/4+Hjk5+fj4osvxpkzZ3DixAmfB1b1l9JxC2R8CH/1h+MTTKmpqRg1apTi64cOHUJD
Q0Of9qHme6bmuRIM4bxWKx2nUL5XA+3zRERE/Y87we1yuWCz2eQEh16vh8lkQltbm5yY6JwM8CcR
AXgf58Mbd2uMviQeOidRzGazx/9Tu90u/x+N1IFUI7PUQI83GkqDS4ZDWloaZs+ercqXf6XBM7t2
GVCaXaS6urrXX6jUrJ8/wpHg6I8ZTaUm8IF+yehpvZ4+Z7t27cKOHTv8nhnHbDZj2LBhmDNnDiZO
nBiSJFKw3yM19x3o8QkGnU6HiRMnKtapuro6KNOjqvmeqXmu9FW4r9VKN0GhbPUwkD5PRETUP7nv
9x0OR7cWnDExMfL/v3C28uvrdxB3WbVabbdumFarNaBunv1JxLbgcPex9fZFNjo6WoUSXTjJL730
0h5vhJqbm9HQ0IDW1lY4nU6PG6q0tDTF5IMvSktLMXbs2G5fChMSEmCxWORmu0rjcvTWekPt+vkj
kvuN9YXT6fTabDvQvv89JRh6a3peVlaGsrIyDB06FLm5uUhJSfE5E6zT6VBQUICkpCRs27YtoEGV
lCh9iQnH+Aj96fj0VWFhoeIgnHa7Hd98801Q9qPme6bmudIXalyrlW7sQvnrz0D6PBERUf/UOcHR
dVyphIQEnD17Fi6XC5Ik9fv7A7fO3VO6jkvY3t4uz6YWqS04IjbBAVxoxeFtsEiTyYTo6Og+DV5o
MBhw+eWXe32tubkZO3bs6PZ8UVGR4g1lY2Mj9u3bh6qqKsV9ulyuPiUA7HY7ampqkJmZ6fG8VqtF
Tk4Ojh8/jujoaK+j3be3t/c6K4Da9fNHT5lHXwew600wv3QHi1K9A20JobSeEMLnz1dJSQlKSkpg
NpsxaNAgpKamIjExEbGxsb1moJOTkzFt2jRs2rTJ77IrUWq+Ho5/Sv3x+AQiOzsbBQUFiq/v37/f
79Y7StR8z9Q8V/pCjWu1w+GA2Wzu9nwo36uB8nkiIqL+TwgBm80Gu90u/481m82IiYlBfX29vEx/
bOHdWedxPqKjoz3+d9vtdthsNkiS1O/r0ZOITnA0NjYqzoaRk5PTp+bRKSkpitv29sU2Li6uW2LB
rb6+Hps2bQpLc5/Kykqv5cjIyMDx48cxePBgrydsdXV1j9vtL/XzlTvz2JXValWcgnAgUDoGSrNB
9EapNZTT6fS7KZ7VasXJkydx8uRJAJATHllZWcjIyFDMEqenp2Po0KEoKSnxr/AKlN4jb1/OeuPv
xb8/Hx9fRUVFYcKECYp1r6ioCNqxAtR9z9Q8VwKl1rVaaZuh7NoxED5PRETUv7nHvJAkCVarFa2t
rfL/No1Gg9TUVDnB4XK5VB8Lsjfu/2eSJCEtLe3/sXdvzXHW+YHHf/08fdAJH2QbLBvMYVIZoCgq
BEIyk1DMpDI1udxcbqqyFzu7qdrJ7eZ+X9HuC8hFmISiwBiSDBmTYTKYgy3b2FiWJcs6du+FaI1k
d0stuVutn/T5VKkKJLkPUvejfr79P2x5fTI/Px8LCwt9WedjmHKOO/nOdu9AnT179rEue7tt8u7d
u/fI55599tmuD4J//dd/3beT/y+//LLjdZ05cybKsuy6hedOu1cclPvXq267HIyOjsbx48f3+dbs
n06PzYj1F+57WZek23a7/Vhsrx08fvGLX8Q//MM/PLLTz2bPPvvsY19fW7d3YkdHR3d9Mrbbd6cz
/X66ef3117tuCbqwsBAfffRRX69vmD+zYT5W9mpYx+puI3b2Ght6cRieTwAcfO034ZaWlmJ+fn7L
VPhTp07FyMjIxsiIgzxNvtVqbQSORqOxZVfNVqsV8/PzG2/kZ40bEckDx1dffdX1BejZs2e3jRQ7
OX/+fNev3bx585HPPbxAS9vi4mLH7x+UlZWVjtdXq9XimWee6bid4/z8/I4jOA7K/evVrVu3un7t
ueee278bss9u377d8fNlWcaFCxd2dVmTk5Ndf+/tUr3ZyZMnO370cqJx586deOedd7qeJPUzSnW6
7RHrf7wGPYVqmL+ffnjuuee6xqZWqxX/8i//sqctVLczzJ/ZMB8rezWsY3W3n1Wj0ei6jXAnY2Nj
8fbbb3f8eDiWZH8+AZBHe1eUe/fuPfJ6dfNro7W1tQMZOR7epeX555/f8vWFhYW4d+/exjQbgWOI
uo08qFQq8corr+zpMs+ePdt1esrCwkJMT08/8vlu7+btZjX3fp3EdVss9KWXXup4stnp/jzsIN2/
Xly9erXrkOLnnntuT+/u7WVY+n67fv36tvd7N7ZbY+HhE6WiKOKnP/1p/OVf/uUjH7/3e7/X0/Ut
Ly93fSx2Wkhwr7aLX88880zPl7OXx9Cwfj/9MD4+Hq+99lrXr1+5cqWnbaZ3a5g/s2E+VvZqWMfq
7SL5bkZgnT59Os6dO/fIx9TU1CMLfWZ+PgGQx+YT/vn5+Zidnd3y9+fUqVNx8uTJjREcB3FaY7PZ
3Lh9x44d2/LmQ7PZjLm5uZifn9+4rwLHEP3mN7/puhDcuXPndh05Go1G/NEf/VHXr3/99de7urzR
0dEYGRnZ8fuq1Wr8/u///q4uu5uvv/664zoh3XY82Gl6ynaGcf96sbS01PVF6djYWLz++uu7uryx
sbH48Y9/HH/6p3/aj5s3MAsLC11PNJ588smeTzQmJye7fu/8/PwjJ7LteYndLqtX3f4gdHuO78Wd
O3didna249fOnj3b8/S27U72uxnW76cf3njjja7P9fn5+fj444/7fp0Rw/2ZDfOx0m+DPlbfvXu3
64iKZ599tufdzR5+R6ltbm7ukUiT+fkEQC7tNSmazebGLmSbvfDCCxtvMjSbzQMVOdpxI2L9TcOH
/9Y+ePAgbt++vbG4aNbdU9py3/pYf4Hz2Wefdf36K6+80vOLy5MnT8aPfvSjrvPLl5eX49NPP+34
tW4nd0VRxMsvv7zt9dZqtb6eODebzR2nnLTNzs52fVG62UG6f73q9ruKWH8R3evj4syZM/GjH/0o
jh8/HhcuXIi33nrrQD/xt3s+vPHGGzsOFx8fH48f/OAHXdcM+Pzzzzt+vtsaGk8//XTPQ9S7bWHc
72kP3UJlpVKJN998s+tQ9bbvf//78cILL+zpuof1+3kc3//+9+PcuXMdv9ZsNuPSpUsDXYdnmD+z
YT5W9mKYx+pusbzRaMQf//Ef77gOyUsvvdT1cdYtWGd8PgGQz+aRDXNzczEzM7PlDbiRkZF4+umn
N84RDkrkaN+OVqsVRVHE+fPnt0z5XFtbi5mZmZibmzsUozciIspGo/F/hn0jHtfNmzfj3LlzHRcz
q1Qqcfr06XjmmWei0WjEgwcPtuywUa1W4+zZs/Hiiy/Ga6+91jVuRET8+7//e9eFTRuNRtd1O06d
OhVlWcbt27e3zMkqiiKef/75+OEPf7jjeiHT09Nx9+7dbb9ns1ar1dO7V1euXOkphgzz/p04caLr
cPBr167FzMxMx6/dv38/Jicnuy4cd/r06ZiamorFxcWOi8idOnVqI5Btnp5y7NixmJycjKtXrz4y
x26vt/X555/v+NhbWVmJX//61x3/TTfz8/Nx6tSpjideZVluLEI4Ozu75R3R9u/rBz/4Qdfnwfz8
fHzwwQcdD9irq6sdh4VXKpU4f/583L9/v+uigLVaLd58882uJzdfffXVtosK79bc3Fw8//zzHVe6
rtfrceHChWg2m3H37t1HFpJ67bXX4qWXXtr24D87O9v1xHhYv5+9On78+LYngHNzc7GwsBCnT5/u
28fa2tqWUWjD/JkN87EyNjYW3/ve9zp+7ebNmx2n0AzzWH337t14+umnO44UmZiYiKmpqbh///4j
73pNTEzEH/7hH8aLL77Y8We1uroaH3744SNTVCLyPZ8AyKtSqWz8/VxaWoqJiYloNBobf7vai40+
vBDpboNBURRRq9VieXk5Hjx4EAsLCzEzM7PrERab40alUomnnnoqpqamtryma49UXF1djUqlEmVZ
pg8cB3sfm1348MMP48///M+7ztU/ceJEnDhxIl599dVYXV2NlZWVKIoi6vV6T7/E6enpuHz5ctev
f/HFF/HKK690jSwvv/xyfO9734vZ2dlYWVmJRqMRExMTPQ0Zjtj9GgTXrl2LhYWFbVewb7Va8cUX
X/R0eQft/vXq4sWL8ZOf/KTrC9jTp0/H22+/HQsLC3H//v1YWVmJer0eIyMj28aukydPxujoaNdF
MYft0qVL8ZOf/KTjuiHVajVeffXVePnll+PevXuxvLwc1Wp1x99Xs9mMDz/8sOs79dPT03Ht2rWO
J1cjIyPxZ3/2Z3Hnzp24fft2zM/Px+rqatTr9Th+/HicPXu26xonq6ur8Z//+Z893vPePHjwID79
9NP4gz/4g45fHxkZiddffz1effXVWFhYiGazGSMjIzEyMtKXg/4wfj979cYbb2y7hsSxY8f6PgXj
448/fiQGDutnNuzHym4N81i9trYWH3/8cbz99tsdX3xNTk7Gj3/845ifn48HDx7E2tpajIyMxPHj
x7f9WX322WddpwpF5Ho+AZBXe3RDq9WKpaWluH79+sbf/IjfvXG+vLwct27d2rIex05RYvPfwaWl
pbh27drG51qt1q6na2+OGxHrf4Onpqa2vKZrr3+3uLh4aEZvRByiwDEzMxPvvfde/PCHP9zxZLla
re5qj+Jbt27Fe++9t+33rK2txSeffBJvvvlm1wdGo9HoOgR/J3vZam96enrbBR5nZmZ6HhVyEO9f
LxYXF+P999+Pt956a9ttHcfGxnq+DSsrK/HBBx8c2LgRsT565dKlS/Enf/InXU9Oq9Vqz+tjtFqt
+OUvf7njaJ9Lly7F8ePHu8ahycnJXa3JEbE+cmq7k5u9+vTTT2Nqaqrr1skR6yNLBrE47rB+P3ux
0xSM/TLMn9kwHyu7Nexj9Y0bN+Ly5cvbrn81MTGxbUDe7Pr16/Fv//Zv235PpucTALkVRbERDWZm
ZmJ0dDQuXLiwETA2j6Rsj5hsjyDcKXK0L7vZbHZcT7HX0RsPj9yYnJyM8+fPPxL2b9y4ETMzMxth
4yBPwd+Nw3EvvnP9+vV45513+rpn/ZdffhnvvPNOT+/ifP7559uu+9DLdXXbVqjbAqHb2Wl0Ri+7
p2x20O5fr27duhX/+I//2HV6xG4sLi7GP//zP/d1usSgXL16Nd59992Ow7p3o9lsxkcffdTT735h
YSH+6Z/+qS8/64iIX/3qV4/1mNvJu+++u+ctIL/99tu4du3anq97GL+f7Ib5MxvmY2W3hn2s/uST
T+KXv/zlY2+TNz09He+++25P3+v5BMB+eHgax40bN+Kbb77Z8j1jY2Nx4cKFmJqa2nhTfW1tbcct
ZNuXXZZlFEWx5aP9+e1GWLRjSvt6yrKMqampjcW+N//bb775Jq5fv74RQQ7D1JS2Q7EGx2YPHjyI
K1eubLybttcSNT8/Hx999FF88sknu5p/e/PmzWg2m3H69OldzY/69NNP49KlS/Hss892HGlQq9Xi
s88+29ULxoWFha6X12w24+LFi1vWI+nFMO7fXte12GxxcTG+/vrrjSkRe3lcXLt2Ld59991tr+8g
rMGx2fz8fExPT8f4+Pie3om/c+dOXLx4cVc77SwtLcWXX34Zo6OjceLEiT0dLO/fvx8fffTRY933
XqytrcW1a9diYmJiV+++T09Px3vvvdd1RMp26ypsNozfz269+OKL+7rNacR6rO62aO2wfmbDeKzs
ZQ2OzV8f5t+iW7duxb179+LkyZPbjp7rZGVlJS5fvhwffvjhrv7+Zng+AZDf5qkjrVYr5ubmotFo
bBnlWK1WY3x8PKrVaiwsLGxMMWn/Xes2HWTzaIrNH9tNH2mP+ti8FWy9Xt/YZn3zOiER62+8XLly
ZWNkSTuoHBaHLnBErD9wpqenN7Z2GxkZ6WmNh5WVlbh161Zcvnw53n///V0t6rnZrVu3NuZkjY+P
d33ANJvNuH79enzwwQdx5cqViFg/Qe70Irharcbs7Oyuh+o/8cQTHVeRv337dvzHf/zHri6rbb/v
Xz8CR8T6Wg7Xrl2Lq1evRrVajdHR0R2nKrXnpl26dCkuX76840iegxY4In4XHGZmZqLRaMTo6Oi2
B7FWqxUzMzPxq1/9Ki5evLinqThra2tx9erVuHHjRs8/6/b1/vrXv46LFy/u+d3y3VpdXY2vvvoq
7t+/v+O8/Lm5ufjkk0/i448/jtXV1Th16lTHof69Bo6I4fx+duOgBY6I4f3M9vux8jiBI2L4f4tm
Z2fjt7/9bbRarRgZGdkxdDx48CC++OKLeP/99+Pq1as7Xn4nB/35BMDhsDlyNJvN+Pbbb2N8fHzL
elBlWcbExESMj49vrPXXXsNjp9DRi/blbB4Z0v6b+8ILL8STTz75yCLxd+/ejc8++2zLtJmddjnL
pvLEE0883hjSJI4dOxZnzpyJJ554Imq1WpRlGWtra7G6uhoLCwtx9+7duHXrVt9XS6/X63H+/Pk4
duzYxou75eXlmJ+fj6+//vqxh9MOW/b7d+bMmZicnIzx8fGo1WrRarViZWUllpaW4s6dO4dyDnat
Voupqak4fvx4jIyMRFmW0Ww2Y2lpKebn5+PGjRtx//79vl/vU089FSdPnoyxsbGoVqtRqVRidXU1
lpeXY3Z2Nm7evHkgHi+Tk5Px1FNPxcTExMZxYmFhIb755psdTyj7YVi/n8yG9TMb9mNlNw7Csfr4
8ePx5JNPxsTERNRqtY1jwMLCQty5c6frVrCPw/MJgEFaW1vbGDlRluVGWOj0fVevXt0I+A9Hjc2j
NLYbqfHwx8NfO3/+fFy4cKFjtLh9+3Z8/vnnG6HlMMaNiCMUOAAAAKBfNk8PiVgftXH+/Pk4e/Zs
x9HLS0tLMT09Hbdv396II4+jPYXl9OnTce7cuY6jS1dXV+Obb76Jq1evbkyVOWzrbmwmcAAAAMAe
bY4VRVHEqVOnNnYu6TRVcnl5Ob799tv49ttvY2lpaePf7xQ8Nq/LMTIyEpOTk3Hq1Kmuay4uLi7G
9evXt8xUOKwjN9oEDgAAAHgMmxf6jFjfFv2pp56KEydORL1e7zhaotVqxdLSUty/fz8WFhZiaWkp
VlZWtmwv2x5pUavVol6vx/j4eIyPj0e9Xu+6ztTS0lLMzs7GjRs3NtaXak9/OcxxI0LgAAAAgMf2
8G4m1Wo1Tp48GadPn46JiYmeNr6IWA8fy8vL0Wq1HtkFZTsrKysxNzcXd+7ciTt37myst7F5Z5bD
TuAAAACAPmivy7F5MdBGoxHHjh2L48ePxxNPPBGjo6N9W/+i1WrF4uJizM3NxezsbNy7dy8WFxe3
LFraXsT0KBA4AAAAoI/akaO99kWr1dqYYjI2NraxhWyj0dj1yIpmsxnLy8tx//79mJ+f3zLFpR0y
2lHjKIza2EzgAAAAgD7bPIpjc+goiiIajUbU6/Wo1+sxMjKy8f9lWW5sp962vLwca2trsby8HMvL
y7G4uBhLS0uxvLwcS0tL0Ww2Hwkb2205e5gJHAAAADAg7YVHu+2Usnl3lM2Bov1v2x/b7bayeY2N
oxg22h7dnBcAAADoi3ZwKMsyiqLYEi3aozt22iK202U+/IHAAQAAAPvi4RjRHt3Rjh2bP7f53zz8
bwWNzgQOAAAAGALBor+O1pKqAAAAwKEkcAAAAADpCRwAAABAegIHAAAAkJ7AAQAAAKQncAAAAADp
CRwAAABAegIHAAAAkJ7AAQAAAKQncAAAAADpCRwAAABAegIHAAAAkJ7AAQAAAKQncAAAAADpCRwA
AABAegIHAAAAkJ7AAQAAAKQncAAAAADpCRwAAABAegIHAAAAkJ7AAQAAAKQncAAAAADpCRwAAABA
egIHAAAAkJ7AAQAAAKQncAAAAADpCRwAAABAegIHAAAAkJ7AAQAAAKQncAAAAADpCRwAAABAegIH
AAAAkJ7AAQAAAKQncAAAAADpCRwAAABAegIHAAAAkJ7AAQAAAKQncAAAAADpCRwAAABAegIHAAAA
kJ7AAQAAAKQncAAAAADpCRwAAABAetVarbblE61Wa0g3BQAAAKA3lUply/9Xd/oGAAAAgIPOFBUA
AAAgPYEDAAAASE/gAAAAANITOAAAAID0BA4AAAAgvermXVN63SLWTisAAADAoOylT1S7fQEAAABg
GPbSJ0xRAQAAANITOAAAAID0BA4AAAAgPYEDAAAASE/gAAAAANITOAAAAID0BA4AAAAgPYEDAAAA
SE/gAAAAANITOAAAAID0BA4AAAAgPYEDAAAASE/gAAAAANITOAAAAID0BA4AAAAgPYEDAAAASE/g
AAAAANITOAAAAID0BA4AAAAgPYEDAAAASE/gAAAAANITOAAAAID0BA4AAAAgPYEDAAAASE/gAAAA
ANITOAAAAID0BA4AAAAgPYEDAAAASE/gAAAAANITOAAAAID0BA4AAAAgPYEDAAAASE/gAAAAANIT
OAAAAID0BA4AAAAgPYEDAAAASE/gAAAAANITOAAAAID0BA4AAAAgPYEDAAAASE/gAAAAANITOAAA
AID0BA4AAAAgPYEDAAAASE/gAAAAANITOAAAAID0BA4AAAAgPYEDAAAASE/gAAAAANITOAAAAID0
BA4AAAAgPYEDAAAASE/gAAAAANITOAAAAID0BA4AAAAgPYEDAAAASE/gAAAAANITOAAAAID0BA4A
AAAgPYEDAAAASE/gAAAAANITOAAAAID0BA4AAAAgPYEDAAAASE/gAAAAANITOAAAAID0BA4AAAAg
PYEDAAAASE/gAAAAANITOAAAAID0BA4AAAAgPYEDAAAASE/gAAAAANITOAAAAHVTMKYAACAASURB
VID0BA4AAAAgPYEDAAAASE/gAAAAANITOAAAAID0BA4AAAAgPYEDAAAASE/gAAAAANITOAAAAID0
BA4AAAAgPYEDAAAASE/gAAAAANITOAAAAID0BA4AAAAgPYEDAAAASE/gAAAAANITOAAAAID0BA4A
AAAgPYEDAAAASE/gAAAAANITOAAAAID0BA4AAAAgPYEDAAAASE/gAAAAANITOAAAAID0BA4AAAAg
PYEDAAAASE/gAAAAANITOAAAAID0BA4AAAAgPYEDAAAASE/gAAAAANITOAAAAID0BA4AAAAgPYED
AAAASE/gAAAAANITOAAAAID0BA4AAAAgPYEDAAAASE/gAAAAANITOAAAAID0BA4AAAAgPYEDAAAA
SE/gAAAAANITOAAAAID0BA4AAAAgPYEDAAAASE/gAAAAANITOAAAAID0BA4AAAAgPYEDAAAASE/g
AAAAANITOAAAAID0BA4AAAAgPYEDAAAASE/gAAAAANITOAAAAID0BA4AAAAgPYEDAAAASE/gAAAA
ANITOAAAAID0BA4AAAAgPYEDAAAASE/gAAAAANITOAAAAID0BA4AAAAgPYEDAAAASE/gAAAAANIT
OAAAAID0BA4AAAAgPYEDAAAASE/gAAAAANITOAAAAID0BA4AAAAgPYEDAAAASE/gAAAAANITOAAA
AID0BA4AAAAgPYEDAAAASE/gAAAAANITOAAAAID0BA4AAAAgPYEDAAAASE/gAAAAANITOAAAAID0
BA4AAAAgPYEDAAAASE/gAAAAANITOAAAAID0BA4AAAAgPYEDAAAASE/gAAAAANITOAAAAID0BA4A
AAAgPYEDAAAASE/gAAAAANITOAAAAID0BA4AAAAgPYEDAAAASE/gAAAAANITOAAAAID0BA4AAAAg
PYEDAAAASE/gAAAAANITOAAAAID0BA4AAAAgPYEDAAAASE/gAAAAANITOAAAAID0BA4AAAAgPYED
AAAASE/gAAAAANITOAAAAID0BA4AAAAgPYEDAAAASE/gAAAAANITOAAAAID0BA4AAAAgPYEDAAAA
SE/gAAAAANITOAAAAID0BA4AAAAgPYEDAAAASE/gAAAAANITOAAAAID0BA4AAAAgPYEDAAAASE/g
AAAAANITOAAAAID0BA4AAAAgPYEDAAAASE/gAAAAANITOAAAAID0BA4AAAAgPYEDAAAASE/gAAAA
ANITOAAAAID0BA4AAAAgPYEDAAAASE/gAAAAANITOAAAAID0BA4AAAAgPYEDAAAASE/gAAAAANIT
OAAAAID0BA4AAAAgPYEDAAAASE/gAAAAANITOAAAAID0BA4AAAAgPYEDAAAASE/gAAAAANITOAAA
AID0BA4AAAAgPYEDAAAASE/gAAAAANITOAAAAID0BA4AAAAgPYEDAAAASE/gAAAAANITOAAAAID0
BA4AAAAgPYEDAAAASE/gAAAAANITOAAAAID0BA4AAAAgPYEDAAAASE/gAAAAANITOAAAAID0BA4A
AAAgPYEDAAAASE/gAAAAANITOAAAAID0BA4AAAAgPYEDAAAASE/gAAAAANITOAAAAID0BA4AAAAg
PYEDAAAASE/gAAAAANITOAAAAID0BA4AAAAgPYEDAAAASE/gAAAAANITOAAAAID0BA4AAAAgPYED
AAAASE/gAAAAANITOAAAAID0BA4AAAAgPYEDAAAASE/gAAAAANITOAAAAID0BA4AAAAgPYEDAAAA
SE/gAAAAANITOAAAAID0BA4AAAAgPYEDAAAASE/gAAAAANITOAAAAID0BA4AAAAgPYEDAAAASE/g
AAAAANITOAAAAID0BA4AAAAgPYEDAAAASE/gAAAAANITOAAAAID0BA4AAAAgPYEDAAAASE/gAAAA
ANITOAAAAID0BA4AAAAgPYEDAAAASE/gAAAAANITOAAAAID0BA4AAAAgPYEDAAAASE/gAAAAANIT
OAAAAID0BA4AAAAgPYEDAAAASE/gAAAAANITOAAAAID0BA4AAAAgPYEDAAAASE/gAAAAANITOAAA
AID0BA4AAAAgPYEDAAAASE/gAAAAANITOAAAAID0BA4AAAAgPYEDAAAASE/gAAAAANITOAAAAID0
BA4AAAAgPYEDAAAASE/gAAAAANITOAAAAID0BA4AAAAgPYEDAAAASE/gAAAAANITOAAAAID0BA4A
AAAgPYEDAAAASE/gAAAAANITOAAAAID0BA4AAAAgPYEDAAAASE/gAAAAANITOAAAAID0BA4AAAAg
PYEDAAAASE/gAAAAANITOAAAAID0BA4AAAAgPYEDAAAASE/gAAAAANITOAAAAID0BA4AAAAgPYED
AAAASE/gAAAAANITOAAAAID0BA4AAAAgPYEDAAAASE/gAAAAANITOAAAAID0BA4AAAAgPYEDAAAA
SE/gAAAAANITOAAAAID0BA4AAAAgPYEDAAAASE/gAAAAANITOAAAAID0BA4AAAAgPYEDAAAASE/g
AAAAANITOAAAAID0BA4AAAAgPYEDAAAASE/gAAAAANITOAAAAID0BA4AAAAgPYEDAAAASE/gAAAA
ANITOAAAAID0BA4AAAAgPYEDAAAASE/gAAAAANITOAAAAID0BA4AAAAgPYEDAAAASE/gAAAAANIT
OAAAAID0BA4AAAAgPYEDAAAASE/gAAAAANITOAAAAID0BA4AAAAgPYEDAAAASE/gAAAAANITOAAA
AID0BA4AAAAgPYEDAAAASE/gAAAAANITOAAAAID0BA4AAAAgPYEDAAAASE/gAAAAANITOAAAAID0
BA4AAAAgPYEDAAAASE/gAAAAANITOAAAAID0BA4AAAAgPYEDAAAASE/gAAAAANITOAAAAID0BA4A
AAAgPYEDAAAASE/gAAAAANITOAAAAID0BA4AAAAgPYEDAAAASE/gAAAAANITOAAAAID0BA4AAAAg
PYEDAAAASE/gAAAAANITOAAAAID0BA4AAAAgPYEDAAAASE/gAAAAANITOAAAAID0BA4AAAAgPYED
AAAASE/gAAAAANITOAAAAID0BA4AAAAgPYEDAAAASE/gAAAAANITOAAAAID0BA4AAAAgPYEDAAAA
SE/gAAAAANITOAAAAID0BA4AAAAgPYEDAAAASE/gAAAAANITOAAAAID0BA4AAAAgPYEDAAAASE/g
AAAAANITOAAAAID0BA4AAAAgPYEDAAAASE/gAAAAANITOAAAAID0BA4AAAAgPYEDAAAASE/gAAAA
ANITOAAAAID0BA4AAAAgPYEDAAAASE/gAAAAANITOAAAAID0BA4AAAAgPYEDAAAASE/gAAAAANIT
OAAAAID0BA4AAAAgPYEDAAAASE/gAAAAANITOAAAAID0BA4AAAAgPYEDAAAASE/gAAAAANITOAAA
AID0BA4AAAAgPYEDAAAASE/gAAAAANITOAAAAID0BA4AAAAgPYEDAAAASE/gAAAAANITOAAAAID0
BA4AAAAgPYEDAAAASE/gAAAAANITOAAAAID0BA4AAAAgPYEDAAAASE/gAAAAANITOAAAAID0BA4A
AAAgPYEDAAAASE/gAAAAANITOAAAAID0BA4AAAAgPYEDAAAASE/gAAAAANITOAAAAID0BA4AAAAg
PYEDAAAASE/gAAAAANITOAAAAID0BA4AAAAgPYEDAAAASE/gAAAAANITOAAAAID0BA4AAAAgPYED
AAAASE/gAAAAANITOAAAAID0BA4AAAAgPYEDAAAASE/gAAAAANITOAAAAID0BA4AAAAgPYEDAAAA
SE/gAAAAANITOAAAAID0BA4AAAAgPYEDAAAASE/gAAAAANITOAAAAID0BA4AAAAgPYEDAAAASE/g
AAAAANITOAAAAID0BA4AAAAgPYEDAAAASE/gAAAAANITOAAAAID0BA4AAAAgPYEDAAAASE/gAAAA
ANITOAAAAID0BA4AAAAgPYEDAAAASE/gAAAAANITOAAAAID0BA4AAAAgPYEDAAAASE/gAAAAANIT
OAAAAID0BA4AAAAgPYEDAAAASE/gAAAAANITOAAAAID0BA4AAAAgPYEDAAAASE/gAAAAANITOAAA
AID0BA4AAAAgPYEDAAAASE/gAAAAANITOAAAAID0BA4AAAAgPYEDAAAASE/gAAAAANITOAAAAID0
BA4AAAAgPYEDAAAASE/gAAAAANITOAAAAID0BA4AAAAgPYEDAAAASE/gAAAAANITOAAAAID0BA4A
AAAgPYEDAAAASE/gAAAAANITOAAAAID0BA4AAAAgPYEDAAAASE/gAAAAANITOAAAAID0BA4AAAAg
PYEDAAAASE/gAAAAANITOAAAAID0BA4AAAAgPYEDAAAASE/gAAAAANITOAAAAID0BA4AAAAgPYED
AAAASE/gAAAAANKrDvsGwGHVarWGfRMAADiAKpXKsG8CHEoCB+yBeAEAwF718lpSBIHdEzigB4IG
AAD76eHXn4IH7EzggA4EDQAADhLBA3YmcEAIGgAA5NLp9avowVEncHBkiRoAABwm272+FT84CgQO
jhRRAwCAo8gUF44CgYNDTdAAAIBHtV8nCx0cJgIHh4qgAQAAvRM6OEwEDtIbdtSoVIqoFEUUlXL9
/4syKpXK+h+JViWisv49AAAcXa1WM6IVEZVWtFrffTTXIiKi2VqLVrO5/j1Du31CB/kJHKQ1jLBR
FGVUKmUUZbnx39vy9wEAgPjuDa9K+7+/+2RZe+T7Wq21aDbXorm2tvHf+6nVaokcpCVwkM5+ho2i
qEZRlFGU1SgKTxcAAAarUimjLMsoN72P1myuRnNtdT18NFcHfhuM5iArZ2yksR9ho1KprEeNsvbd
CA1TSwAAGK71N93WT91areZ3IzxWotlcHehrZKGDbAQOUhh03CiKapRlLcpqfaDXAwAAj6NSKaIs
iyi/m96ytroca9/FjkExbYUsBA4OvEHFjfU/DutRw0gNAAAyKqv1KKv1aLWaG7FjEIuVihxkIHBw
YA0qbBRlNarVhjU1AAA4NCqVIqq1kajWRqLZXI3V1aVorvV3VMfm1+diBweRMzwOpEHEjfXRGo0o
ih12PgEAgMSKohr1ejWazbVYW12KtbWVvl+H9Tk4iAQODpx+x42yrEW11th5S1cAADhEiqKMoj4W
1dZarK4IHRx+AgcHSj/jhqkoAACwvvVsrT4W5YCmrkSYvsLB4MyPA6GfYaM9/7C9sjQAAPC7qStr
ayuxurI4kMVII4zqYHgEDoaun3GjWm1EtTbSt8sDAIDDpixrUZa1WF1ZjNXVpYFdj9DBfhM4GKp+
xY2iKKNWH7XOBgAA9KhaG4myWouV5QfRbK4N7HpsMct+KYZ9AziaWq1W3+JGtdqIemNC3AAAgF2q
VMqoNyaiWm0M9HoGsUsiPMwIDvZVv9faqNXHbPsKAACPqVobiaKsxcrywkDX5jCSg0EygoN90c8R
GxERZbUejZEnxA0AAOiToiijMfJElNX6wK7DSA4GSeBg4Pp9EKvVR6NWG+3rZQIAAOtqtdGBLtwv
cjAopqgwMP0+cFUqle+mpHjYAgDAIFWrjSiK8rspK/0PEqarMAhGcDAQ/T4IFkUZ9fqEuAEAAPuk
KKrfvQYfzLRwIznoN4GDvur3WhsR3x1YGxNRKTxcAQBgP1WKIuoNbzSSgzNG+mYQBbYsa1FvjPf9
cgEAgN7VG+NRlrW+X65RHPSTwEFfDCZu1KNWH+v75QIAALtXq49FWfZ/hxWRg34ROHhsg4sbdkoB
AICDpFYfFTk4sAQODhxxAwAADi6Rg4NK4OCx9PsgVJY1cQMAAA649chhTQ4OFoGDPRvEbinW3AAA
gBxq9bGB7K4yiJ0ZORoEDg6EoijtlgIAAMnUG+NRFOVALlvkYLcEDvaknwebSqUStZqRGwAAkFGt
NhaVSmUgly1ysBsCB7vW74NMrT4WlcJDEQAAMqoUxUCnmosc9MpZJUNVrY0MZN4eAACwf4qiGtXa
yMAuX+SgFwIHu9LPA0tZrUe12ujb5QEAAMNTrTairPZ/+9g2i4+yE4GDoahUiqjVbAcLAACHSa02
GpXKYE8zRQ66ETjoWT8PJLaDBQCAw2k/XuuLHHQicNCTfh5AqtXGwLaSAgAAhqsoyn2Zii5y8DCB
gx3188BRFOVAFx8CAACGb30zgcG/qSlysJnAwbb6vyWsdTcAAOAo2K/X/iIHbQIHXfX7QFGtNqJS
MTUFAACOgkplf6aqRIgcrBM46KjfB4hKpTA1BQAAjphqbWTgu6q0iRwIHDxiEAcGcQMAAI6m/TwX
EDmONoGDgSvKapRlbdg3AwAAGIKyrEVRVvft+kSOo0vgYIuBjN7Yp3l3AADAweScgP0gcLBhEHGj
LGtRFPtXawEAgIOnKKr7el5gFMfRJHAQEYM7AFRrSi0AALD/5wYix9EjcDCwJ35RVG0LCwAARMT+
j+KIEDmOGoHjiBvkE97OKQAAwGbDOEcQOY4OgYOBKMpqFIXRGwAAwO8URbmvO6pwtAgcR9hAR29Y
JRkAAOhgGOcKRnEcDQLHETXIJ3ilUtg5BQAA6Gh9rb79PxUVOQ4/geMIGvQTuyxrA718AAAgt2Gd
M4gch5vAQd+V1fqwbwIAAHCAldW62EDfCRxHzKAPIsMabgYAAORRqRRGcdB3zkSPkP14IpueAgAA
9KIsa0OLDSLH4SRw0FempwAAAL0oylpUKhWxgb4ROI4IozcAAICDpFKpbJxDDCNyCCuHj8BxBOzX
E7dia1gAAGAXhn0OIXIcLgIHfdFqtaIsBQ4AAKB3m88hxAYel8BxyO3XQcLuKQAAwG5VKkUURnHQ
J85I6QujNwAAgL1wLkG/CByH2H6WyMJBCQAA2IODcC5hFMfhIHDw2Fqt1tCHlQEAADlVKuXGfwsN
PA6B45DazwODIWUAAMBeVSqVKIrhRw5xJT+Bg8e2ubgCAADs1sMjwkUO9kLgOIT280nZarWiKAUO
AABg75xT0A8CB4/N9rAAAMDjOEjnFEZx5HVwHkX0xX6P3ogwRQUAAHg8zinoB4GDPWnHjaIoo1Kp
DPnWAAAAmT280GiEkRTsnsBxiAzlACBuAAAA/XCAzi3ElZzs78ljKQwlA+jZX/zFX8T4+PiWz33w
/vtx4+bNId0iADg4ikoZzVgd9s0gMYHjkBhWYTQ9BaB3f/+//z4uPPPMls/9/O/+TuAAgOh8btFq
tYZ2zjHM62ZvBA4ezwFa7fggmZqailOTp7Z87sHig/jtb3/bt+s4f/58nDxxcsvn7s3di6+++qpv
18HBc+HChXjrz96K5557Ls6cOROjIyPRbDXjwcKDuDNzJ65c+SIufngxfvOb3wz7ppJYo9GIn/33
n8VLL74Ys/fuxf/7f/83Pvr442HfLAAOuy7nFkIDvRI4DoFhzg8rCoGjk//xs5/FX//Xv97yuZWV
lfiff/u38cHFD/pyHX/385/HX/2Xv9ryuXd+8U78r5//vC+Xz8ExPj4e/+1v/iZ++tP/z959h0dR
9X8f/wQSsiGFEgg9QpCiiaAQahBBOihIR1FvadKk6K23IM2CYkNALIBiR1BRepMqTUBAoiBFEKT8
gGAgJCQkISHPHz5EJrNJdtN2J75f18Uf+90zZ87ALjCfzDmnnWrWqJntP/BpaWn64/hxrV69Sl/M
m6eYmJgCGikKi+nTpqnFPS3SX3fq2FEDHx+kPXv2uG5QAIBCzx3vLQhXrMX9PkFweyy4kzNeXl56
buxYeXqSK8JxfR/qq1UrVmrkiJGqVbOWQ//Aenh4qHpIiIYPG67lS5epT+/eBTBSFBbBwcG6p/k9
hprNZtNDfR500YgAAAAcQ8CBXPHgI+SUmjVravTIUa4eBizA399f777zrsaPG6eyZcvmuJ/AwEBN
mjhJr74yhXANDilbpozdIM0/IMAFowEA/Jtwb4Hc4n+7FlfQT1OYzsfTWk7r27ev1q5fp8jISFcP
BW6qdOnSmj1rlsJCwzJtc/HiRV3464IuXbyk1Oup8vP1U4UKFRQUFGS3fZcuXeRT3EejRo/Or2Gj
kNh/4ICioqJMn6Xdu3e7aEQAgH8NN723YJqKdRBwIFc8WGTUaTabTePHjVPPXr1cPRS4qWlvvWU3
3EhNTdX6Deu1fPkKrV231u6xdevW1UN9HlSnTp1UtKhxG+e2bdrqqSef1FvTpuXLuFE4JCUlacKk
ifrf08+oatWqSkhI0Oo1qzXngzmuHhoAoJDj3gK5RcABuEBYaJiGDxuud99719VDgZsZOmSoGjZo
aKqfPn1ar0yZoo2bNmZ5fGRkpCIjI7Xph02aMH6CSpUy7rTz6COPasPGjdq3b1+ejhuFy+bNm7V5
82Z5enoqJSXF1cMBAMDlT1G4+vxwDBGZhbHYp7X179dPtWvXdvUw4EbuCAvToIEDTfUzZ85owKCB
2YYbN1u1erWeevq/Sk5ONtS9vb01dPCQXI8V/w6EGwAAwEoIOAAXKV68uMaPG+/qYcCNDB06VD4+
PoZafHy8RowaqZMnTzrd344dO/T5F1+Y6hEREapdq1aOxwkAAOAK/IAX2SHgAAqIvb+Q69erpwED
BrhgNHA3VatWVUTTCFN9wYIFOnjwYI77nfPBHMXFxRlqRYsWVdeu3XLcJwAAAOCOWIPDolyRXpKY
5s6hQ4cUEBCgSpUqGeqDBz2uTRs36tgff7hoZP/w9/fXPc3vUe1atVQ2KEg2m7dSrqUo5nKMTpw4
oS1bt+rEiRMO9+fp6amKFSoYatfT0nT69OkcjS8gIEAlS5Qw1K4mJurChQsO95HX15hXHu7bV8WK
FTPULly4oHdyuU5LbGystmzZoo4dOxrqDcLDc9xneHi4GoQ3UNkyZRRQIkCenl66ejVB589H6dCh
g9qydavi4+Md6ssdPyN5eX35zWazqW2bNqpRo4bKlCmj4sWL62rCVZ2POq+DBw9q0w8/KDEx0el+
K1SoIK8M2wpHXbiQaV82m01BGbYzzvj7XrlyZbVr21YhIdXl5+er2MuxOvDbAS346iunxuau32EA
QMFw5VoYrMPh/gg4gAKSkpqqN958Q29NfUtFivzz8JS/v7/GPTdO/Qe67kmOO8LCNPjxwYqIiJDN
Zsu0XVpamg78dkBff/2Nvln4Tbb9Fi1aVF8t+EolS5Y01Ac9/ri2btvq9DhfnTJFLVu0NNQ++fQT
vfb669kem1/XmFfuaX6PqbZ58+Yc3Zxm9OPOHaaA49Zbb5Wvr6/DN+o1a9bUw337qnWr1qaFSzOK
j4/Xtu3bNPejj/TLL79k2dZdPiP5dX35pXatWho6dKiaNG4if3//TNvFxcVpw4YNmjHzbZ09e9bh
/j/5+BMFV6liqA0bPjzTdWBatmiht6a+Zaht275NAwcNks1m07ixz6lz586mEK/x6cYOBxzu/h0G
AACuxxQVoACt+f57rVq9ylRv0qSJ+j7Ut8DHExAQoEkTJ+mLz79Qq1atsrxpkCQPDw+FhYbpxRde
0LwvvlC9u+pl2T4pKcnuTWq7tm2dHqvNZlN4feNTB9evX9eixYuzPC6/rzEv1K5dW5UrVzbVl69Y
nif979q50/QElpeXl92taDPy9PTU0/99Wt989bV69uiZ7c2/JPn6+qptm7aa9/kXeubpZ7Js6+rP
SH5fX17z9PTU+HHjNP/L+Wrbpm2W4Yb0d4DapUsXffvNQj3y8MMFNMq/eXl5qVKlSpo/70v16NHD
FG44ygrfYQAA4B4IOCyI6SnWNuXVVxUVFWWqPzF8uN2b3PxStmxZffjBh+rTu3eObjzq3VVPs2fN
UpvWbbJst2LFSlOtadOmTp+vXbt2ppu5A7/9piNHjmR6TEFdY27Zmy4SFxenHTt35kn/J0+d0qzZ
s/XJp58YfiUkZP30hr+/vz756GMN6N8/R79/np6e6t+vn159ZUqW7Vz1GSmo68srAQEBmjNrtvo+
1Dfbm/yMSpUqpbFjxmrokILbQcfLy0uvvfpalrtFpSnrf1us8h0GAPx7cF/k3piiAhSw6OhoTZ32
ll59ZYphDl/JkiU17rnnNHTYsHwfQ9myZfXRh3N166232n3/xIkT+vPPPxV98aL8/HxVvlx5hYaG
qmjRooZ2fn5+ev211zR+QjGtWLnCbl+bftik06dPG8KbihUrKqJphLZt3+bwmO9t2dJU27Bhfabt
C/Iac6t6dfMY/zz5Z56e4+2Zbzt9zDszZ6p+/fqm+vXr13X48GEdOXJEl2IuybuYt8qULaN6d9VT
YGCgqX2XLl10+MgRffzJx3bP46rPSEFdX17w9vbWnFmzVbduXdN7qampOvDbbzpz5owS4uNVsmRJ
1ahRQ8HBwYZ2Hh4eemL4E7p06ZLT617kxF133pVtm6z+j2il7zAAAHAPBByACyxdulRtW7dRq1at
DPUW97RQ9+7d9e233+br+SeOn2D3puHgwYOaPmO6Nm/ZYnqvWrVqGjzocXXu3NkQzNhsNo177jn9
uv/XTLcy/WHzD6YpOO3atXX45tXT01MNwhsYaklJSVlOPSjoa8yNcuWCTLWTf+b9eZwxfNhwNWzQ
0FTf9dMuvfHGm9p/YL/d4wYMGKBhQ4aqePHipvqixYsUExNj97iC/owU9PXl1nNjx5rCjbS0NG3Y
sEFTp72l48ePm47p2LGjnn3mfwoK+ufzVaRIET0x/Amt37DBqYVXcystLU2//PKLdu7aqZOnTikm
JkY+Nh/5+hbP9BgrfYcBAIB7YIoK4CIvT3lFFy9eNNVHjxylcuXK5dt5e/XspdatW5vqK1eu1IN9
H7J70yBJx48f15jnxmrCxAm6du2a4b1SpUrphedfyPScixYvNj3O17SJ41MQ2rRpY1obYc+ePTp/
/rzd9q64xtwoVdK87kPclSv5ci5HeHt768EHHzTVV61apf889limN/+SDyjlZQAAIABJREFUNHfu
XI2fOEGpqamGemDp0urSuUumxxXkZ8QV15cb7dq2VY/uPUz1995/T0+MHGE33JD+/rw/MeIJRUdH
G8caGKiRT4zIl7Hac+7cOQ1/4gn1eehBTZs+Xd9++63Wr1+v5SuW66uvv7Z7jNW+wwAAwD0QcFgM
c74Kj7Nnz9qdNlCmTBmNeXZMvp13QP/+ptqun3bp2bFjlJSUlO3x3373nd6eOdNUb9yokWn3ihsO
HDiggwcPGmqVKlVyeJ2FVvfea6p9v/b7TNu74hpzw9vOegpXXBhwtGndRoGlSxtq0dHRev5Fx24O
V61apS1bzTegDRuan5i4oSA/I664vtzo36+/Yecl6e8FaN95N/sthH/dv1+vvvaaqd66dWt5e3vn
2RgzExUVpX4D+me6+0pmrPYdBgD8u3BP5r4IOAAX+urrr7Vlq/0dJDp17JTn5+vSpYtpXn5iYqIm
v/yyUlJSHO7nw7kfKjIy0lTv06dPpses37DBVHN0p4xGDRsZXsfGxmrJ0qV227ryGnPKy9M8W/Dq
1at5fh5HhYRUM9Uif/lFsbGxDvexYYP5hvaWDH8uGRXUZ8RV15cT97ZsqTp16hhqly9f1tSpUx3u
Y/mK5abtbEuWLKnO93fOkzFmZcqrU3TixAmnjrHidxgAALgHAg7AxV6Z8orpxsrDw0NP//e/Kp3h
p8y51cXODc2q1av0+++/O93XnA/mmGoRTZuqQoUKdtsvWrxIycnJhpojUxDubdlSZcqUMdS2bd+u
xMREu+1deY05dtNaATe48icDb8+cqdtCbzf8Gv7EcKf6OH7CPG3Cz88vy2MK6jPiquvLie52pqas
XbtW5zKZnpWZTT9sMtUaN2pkbpjHVq9Z4/QxlvwOAwAKFE9QIDMEHICLnThxQu/PmmWqly9fXv97
+pk8PVdoaKiptjSTn3JnZ8PGjTpz5oyhVrRoUTW/+2677c+ePas9e/YYapUrV872JsvuPPxV5m1F
b3DlNeIfl+ysL5PdNp8F9RnJCzm5vpwIt7PLy7Lly53ux97TMSEhITkaU37jOwwAAHKKgANwA598
+ol++uknU/2+++4z7bSSU40aNlJAQIChFhUVpR07d+a4z4w3o1LWW0OuXbfWVGvfvkOW52jSuInh
9blz57Ru3Tq7bd3hGpE7+f0ZsZL69eqZPs9xcXHa9dMup/s6cuSIEhISDLWM00DymjNTfm7gOwwA
AHKDbWIthEexCrfJr7ysL7+YJ19f3/Ra0aJF9ez//qddu3YpLi4uV/3ffvvtptqff/6Zqz4PHzls
qlXL4qfCS5ct05Ojn5S/v396rWnTJpm2j2gaofLlyxtqP2zenGl7d7jGHLHz3S5SxDxtxR3YbDbV
q1dPt992uypVqiRfX18VL15cXl5ehnYlMtykOiq/PyPZye/rc0atWrVNtbS0tBwvknnlyhXD9rbF
ixdXQEBAjoIIR2S2y1FWLPsdBgAUuLS0NMOW4P+288M+Ag5ki2ClYBw5ckRzP5qrkSNGGupVKlfR
0//9ryY9/3yu+i9ZsoSpdvbcuVz1+ccf5nUI/LNYhyA+Pl7btm9X+3bt0mtVKldRo4aNtHOX+Se0
bdu2MdWyelTdHa4xJzJuZynJcCPqDrp366a2bdoqPDw8X8eW35+RzBTU9TmjQoXyplpAQIDec2D3
FEeVK1cu3wKO1OvXnT7Gqt9hAADgHpiiAriR92fNMu12IEndu3VXs4hmueo7IMB84xCfy61IL8Vc
MtVu/sm7PStWrjDV2rdvb7dt4wxTD44ePaq9P+/NtG93uUZn2VsM8+YneVypxT0t9N3CbzX5pclq
3rx5gdz85+dnJCNXXJ+jCmIsJUqYvzOuZNXvMAAAcA8EHICbmfzyZNMNb9GiRTV27BjZbLYc9+tj
59ik5KQc9ydJV+xMm/H29s7ymHXr1ulchp/INm1q3imjfr16Cq5SxVDbuMm8NefN3OUanXXxkvkG
rGTJknl6jpzo91g/vT1jhm677bZM21y/fl0JCQm6dOmSoqOj038lJeX89z0/PyM3c9X1OSrjtJj8
4Glni2JXsup3GAAAuAf3+p8NAP26f78++/wzPT7ocUM9pFqInhz9pKa8OiVH/V6185SAt3fOAxNJ
8rezDoEjN36bfvhBfXr3Tn8dXKWKGjZoaFg8MePCkqmpqVq0eHGW/brTNTrjvJ1H8IODb8nTczir
d69eeubpp01zS1NTU/XTTz9p566d+vnnffrt4G9214epHhKi5cuc3+3jhvz6jNzg6utzRGbTA6Oj
o/PsHPamR7mSVb/DAADAPRBwIEusv+EaM995R82b36PatWoZ6n1699badWu1e/dup/u8fPmyqZbb
aRAlS5ifMnBkMdTFSxard69ehpvL9u3bG25emzQxTj2I/CVSx4+b59LfzJ2u0RlHjx0z1apUrpyn
5xg5YqR8fIw3iitXrtSv+/eb2gZXqaLRo0abbv6PHDmiic9PUmRkZJ6OzZ78+oxI7nF9joiLNX/O
1nz/vUY/OdoFoykYVv0OAwBcg4U+kREBB+CGUlJS9PIrL2vuBx+qWLFi6fVixYpp3HPj1LNXT6f7
jImJMdUqlDcvYuiMkJBqppojNw6RkZE68vsR1ar5T4ATcdMUhLDQMIVUM/a9fv36bPt1p2t0xs5d
O03/QPv6+qp169Z5st1p1apVNXTIEFN948ZNdtv36tnLNEXmzz//VL8B/XXx4sVcj8cR+fUZkdzj
+hxx6bL58+xua2bkNat+hwEA/04ELO6HNTgsgicp/n12796tBV99ZarXrlVLI0eMcLq//QfMP6m/
5ZbcTYO4+ebzhj+O/+HQsRs2GNdKCA4OVnh4uCSpQ4cOhn8srl69qsVLlmTbp7tdo6OOHTumkydP
muqt722VJ/1nfNJB+vsR/V9+NS9oK0l33323qfbhR3ML/OY/Pz4jkvtcX3bOnTVPXapeyLc3tep3
GAAAuAcCDsCNTZs+ze5/xB95+BGVKVPWqb52795t+uloUFCQGjdqlOPx1a9f31Tbu/dnh45dvHiR
UlJSDLWO/39NhYgI44KSu3btcujm092u0RnrN2ww1Zo3b54ni402bWwOOA4fPmx39xZJqpxhekxa
WprWrFmT63E4Kz8+I5L7XF92tmzdouTkZEOtbNmyuvPOO100ovxn5e8wAABwPQIOwI0lJiZqypRX
lZqaaqjbbDY1i4hwur/ffvvNVOvcuXOOxtayRUtVqlTJUEtJSdGWLZsdOv7kqVP6+WfjTUZERIRq
1KihmjVqGuqrnbj5dKdrdMaX8780BQ6lSpXSkMGDc9VvuXLl1KyZeYvh7T/+aLd9YGCgaXvSa9eu
Of1Iv6+fn1Pt7cmPz4g7XV92YmNjdeT3I6Z6n1697bQuPKz6HQYAAK5HwAG4ua3btuq7Rd+Z6jmZ
72dvh4kO7TuoRo0aTvc1aNBAU23rtq06d/68w32sXbfW8Do4OFiDBg4yXNulS5e0avUqh/t0t2t0
1JkzZ7TZzk1Xj+49cvUT+8GDHjdtL5yUlKSF3y60297etqHFihVTzZo17bTO3OMDBznVPjN5/Rlx
t+vLzg8//GCqtWvXTqGhoTnqr2WLlipfrlxuh5WvrPodBgAArkfAAVjAG2++qVOnT+W6n+Urlpum
vNhsNk0YN97ujV9m+vfrp7vuvMtU//LLL50az+IlS3TlyhVD7f777jO83rJ1q1NbOrrbNTrj3ffe
Mz1J4Ovrqzdeez1HN6WtW7dWr169TPXVq1frzJkzdo85f/683acZunft5vB5+/frp1atzOuH5CSU
y+vPiLtdX3Y+/ewzXbp0yVCz2WyaNHGS07uLtGzRUlPffFPzvpinRg1zPuUjv1n5OwwAAFyLgAOZ
YmFT9xEXF6fXXn9d169fz3Vfcz74wPRn26BBA701dapDN0zdu3fX6FHmbSq3bN2qLVu3OjWWuLg4
7dixI8s2K1Ysd6pPyb2u0RlHjhzR+7NmmeqVK1fW5599rsaNGzvc14MPPqgpL7+iokWLGuoxMTF6
b9b7WR578NBBU61Xr15q3rx5lsd5e3tr/LhxeurJp+y+n3FqiCPy4zPiTteXnbi4OH2z8BtT/Y6w
MM2eNVuBgYEO9dOnd2+99uqr8vHxUcWKFTXr/ff10IMP5fVw84xVv8MAAMC1CDgAi1i/fr2WL3f+
Zj+jJUuWaMXKFaZ6m9Zt9NX8BerUsZPd42677Ta9+cYbeumFF+Xl5WV4Lzo6Wi+8+EKOxrMyi6kF
p06f0uYtW5zu092u0Rkff/Kx3WuuXLmyZr33via/NFl16tSxe6zNZlOH9u01e9ZsTRg3Xn4Z1om4
fv26pk2fbnfHlpsts/M5s9lsmjnjbY0fN061axl3pahcubJGjhihpYuXqO9DfU2hyg3FihVz+Ib8
Znn9GXG368vOtOnTtffnvaZ6/Xr1tOjb7/Too49metMfFhqmt2fM0MQJE+Xv759et9lsstm883ys
ecXK32EAAOA6HoGBgfyY3gJc8TSFI+f0KZ77HR4Kownjx5t+Ovrr/v3q1ds8XcAZpUuX1rcLF6p8
ufJ239/0wyYNHTYs234CAgL04Qcf6o6wMLvvR0VF6eTJk7p46aKKFy+uoLJBuvXWW1WkiDkTTUhI
0JixY01rJTjjh42bFBQUZKp/MW+eXn7l5Rz16W7X6Ax/f3/NnjXL7uP1N1y4cEHnzp9XclKSvLy8
FBAQoPLly5vW27ghLS1N7896XzPfecehMXz6ySdq2KBhpn3FxcUpPj5e/v7+piAlK30eelCRkZEO
t78hrz8jrrq+NavXKLhKFUNt2PDh2rhpYyZH/C04OFiffvyJype3/92/cuWKDh8+rOiL0UpMTFJA
gL9uCb5FVatWtTt1ZuHChZowaWKejbND+/Z6a+pbhtqhw4fVtVvXLK8rK1b+DgMAcu5qQkz2jW6S
H1NErXR+GPEEB2AhFy9e1NSpb+U68IqNjdXAQQO166dddt8PCgpSeHi42rZpq2YRzVSzZk27Nw2x
sbF68r9P5fqmYfNm8+KaaWlpWrzEvNigo9ztGp0RFxen/gMGZLkzSNmyZXVHWJjq16+vOnXqqGrV
qpmGG0lJSXrt9dcdDjck6elnntHx48ftvufh4aGAgABVqFDB7s1/Wlqa5s6da3fb1tDbc7Y4Zl5/
Rtzt+rJz8uRJ/affYzp0+LDd9/38/FS/fn21bdNWne+/Xy3uaaFq1aqZ/tOVlpambxZ+k2W44S6s
/B0GAACuQcABWMzyFcvz5D/qsbGxenzwYM2dO1cJCQlOH79j5071HzjA7o2ns5YsW2qqHTp0SAcO
HMhVv+50jc5KTEzUk089qedfeF7nzp/LcT/79u3TY/376dPPPnXquAsXLmjI0CHavn27U8fFxMRo
3PjxevOtqTptZyHTu+7K2Y4wef0Zcbfrc8TJkyf1n8f+o28WfmPaUtgRMTExeuHFFzRx0qR8GF3+
sPJ3GAAAFDwCDsCCpkyZoujo6Fz3k5SUpDffmqpevXtp6dKlunz5cpbtU1NT9fO+n/XsmGfVr3+/
XAcQN+zevVunT5821NZv2JAnfbvLNebUV19/rQ4dO+qtadP022+/KTU1NdtjLl++rI2bNmr4E8P1
YN+HtG/fvhyd++SpUxowaKCmvDrFtKtFRtHR0Zr35Tx1fqCLFi1eJEl2zxseHp6jseTHZ8Sdrs9R
sbGxmjhpkno/2EfLVyzP9vOclpamU6dP6cO5H6rT/ffpq6+/ztfx5Qerf4cBAEDBYQ0Oi2ANDhQE
T09PNWncWKGhoQoqGySbj00pKSmKvRyr4yeOa+u2bTp//ryrh5krVr/G8uXKqXHjJqpatapKlSqp
YsWKKSkpWfHx8Tp37qwOHz6S6SP9uRUWGqYGDRqoUqWKKl68uBISEnTx4iXt3/9rjhaDdTdWvD5P
T081athIoaGhKlcuSD4+PkpOvqbY2Mv666+/tG37dh07dszVw8xTVv8OAwCyxhocyA0CDosg4AAA
AABQ2BFwIDeYogIAAAAAACyPgAMAAAAAAFgeAQcAAAAAALA8Ag4AAAAAAGB5BBwAAAAAAMDyCDgA
AAAAAIDlEXAAAAAAAADLI+AAAAAAAACWR8ABAAAAAAAsj4ADAAAAAABYHgEHAAAAAACwPAIOAAAA
AABgeQQcAAAAAADA8gg4AAAAAACA5RFwAAAAAAAAyyPgAAAAAAAAlkfAAQAAAAAALI+AAwAAAAAA
WB4BBwAAAAAAsDwCDgAAAAAAYHkEHAAAAAAAwPIIOAAAAAAAgOURcAAAAAAAAMsj4AAAAAAAAJZH
wAEAAAAAACyPgAMAAAAAAFgeAQcAAAAAALA8Ag4AAAAAAGB5BBwAAAAAAMDyCDgAAAAAAIDlEXAA
AAAAAADLI+AAAAAAAACWR8ABAAAAAAAsj4ADAAAAAABYHgEHAAAAAACwPAIOAAAAAABgeQQcAAAA
AADA8gg4AAAAAACA5RFwAAAAAAAAyyPgAAAAAAAAlkfAAQAAAAAALI+AAwAAAAAAWB4BBwAAAAAA
sDwCDgAAAAAAYHkEHAAAAAAAwPIIOAAAAAAAgOURcAAAAAAAAMsj4AAAAAAAAJZHwAEAAAAAACyP
gAMAAAAAAFgeAQcAAAAAALA8Ag4AAAAAAGB5BBwAAAAAAMDyCDgAAAAAAIDlEXAAAAAAAADLI+AA
AAAAAACWR8ABAAAAAAAsj4ADAAAAAABYHgEHAAAAAACwPAIOAAAAAABgeQQcAAAAAADA8gg4AAAA
AACA5RFwAAAAAAAAyyPgAAAAAAAAlkfAAQAAAAAALI+AAwAAAAAAWB4BBwAAAAAAsDwCDgAAAAAA
YHkEHAAAAAAAwPIIOAAAAAAAgOURcAAAAAAAAMsj4AAAAAAAAJZHwAEAAAAAACyPgAMAAAAAAFge
AQcAAAAAALA8Ag4AAAAAAGB5BBwAAAAAAMDyCDgAAAAAAIDlEXAAAAAAAADLI+AAAAAAAACWR8AB
AAAAAAAsj4ADAAAAAABYHgEHAAAAAACwPAIOAAAAAABgeQQcAAAAAADA8gg4AAAAAACA5RFwAAAA
AAAAyyPgAAAAAAAAlkfAAQAAAAAALI+AAwAAAAAAWB4BBwAAAAAAsDwCDgAAAAAAYHkEHAAAAAAA
wPIIOAAAAAAAgOURcAAAAAAAAMvzdPUAAMCdbfrxD7v1Fk1CCngkAAAAALLCExwAAAAAAMDyCDgA
AAAAAIDlEXAAAAAAAADLI+AAAAAAAACWR8ABAAAAAAAsj4ADAAAAAABYHgEHAAAAAACwPAIOAAAA
[...]
Id3e7vWdd96RxWJRamqqYmJi5O/vr66uLrW0tOj8+fMud6MA+pWUlKipqWnYLVcHOnfu3LDrbFy/
fl2NjY0Oi9v2S09PV1hYmG7evOny/qVLl7o8d/nyZYd2a2urGhsbnY7WiI+PV0pKiiorK132Fx0d
7fLcYK5Gs0hSY2PjqPsBAAAAgIkypRcZdcZut+v8+fPat2+fCgoKtG/fPhUXFxNuYNTOnj076muH
G73Rr6SkxOlxPz8/PfHEEy7vS0pK0uLFi52e6+rq0rFjx4YcdzU6ycvLS9/+9rddrpkRFBSkJUuW
uKxlMFcLn0rDT71ZvXr1qJ8BAAAAAOPJdAEHcKdc7YgyWFNTk8vtYQfau3evyy1hc3Nz9fzzzw8Z
dZGXl6cXX3xRfn5+Tu8rLi5Wa2vrkOOHDh1SX1+f03sSEhL06quvDpkaM2/ePP30pz8d8X0MNNyo
k/vvv3/I+7FYLPrWt76lhx9+2OV9bDMLAAAAwJNMM0UFGC8XL15UfX39iFM2RjvSo6mpSfv27XP5
5T43N1fZ2dm6fv26enp6NH369GGngLS2tqqgoMDpuerqapWUlGjevHlOzycnJ+uf//mfdfPmTfX0
9MhqtY5ph5XS0lI99thjmjZtaAYaERGhn//858a0MKvVquTk5BF3jfHEVrYAAAAA0I9vHLgnlZWV
jRhwFBUVjbq/Tz/9VKmpqS63mrVYLKNaA6Ovr09/+ctfdP36dZfXfPzxx0pLS1NgYKDLa1ztzDJa
9fX1Ki0tdRmkBAQEKCcnx60+PbGVLQAAAAD0Y4oK7knO1rcYqKGhwe3deN5+++1hF/kcSW9vr3bs
2DFisHL9+nW9//77LqfFjJft27errq5u3Pq709AFAAAAAIZDwIF7UnV1taqrq12ed2ch0n6tra16
4403xrSNamNjo/70pz/pwIEDo7q+pKRE7777rpqbm0fd/1dffeVWTS0tLdq8ebOuXr06qutv3bql
3bt3u1yY1d/fX1lZWW7VAAAAAACjxRQV3LPKy8s1a9Ysp+dGGuHhSk9Pj7Zu3apDhw7poYceUmpq
qsu1Kfr6+lRbW6tTp07piy++GHY7WmdOnz6ty5cva/369crOznY6BaSzs1OnTp3SJ598olWrVrns
q7e31+nxuro6/ed//qfWrVunRYsWOd2iVpKuXLmigoIClZSUKC8vT/Pnz3d63YIFC1RaWjqKdwcA
AAAA7vHKzc11viUDcJdbv3691qxZM+T4119/rX//938ft+fMnj1bUVFRCg4Olo+Pj9rb29Xa2qrK
yko1NDSMyzN8fHw0d+5cRUZGymq1qrOzU9evX1dpaakxlWXjxo1asWKF0/s3b948qh1jUlNTFRcX
p+nTp8vLy0utra06d+6camtrx+V9AAAAAMBYMYID96zZs2c7PX7mzJlxfU55ebnKy8vHtc/BbDab
Tp06New1SUlJLs/V1NSM6jkVFRWqqKhwpzQAAAAAmBCswYF7UkpKihISEoYcv3XrlgoLCyehIvc9
/PDDev7552WxWEa8dv78+S6n49y8eXPYXVsAAAAAwAwYwYF7jp+fnx5//HGn565cuaL6+voJrsh9
6enpWrt2rXx8fBQaGqoPP/xQV65ccXptVlaWNmzY4LKvsSyoCgAAAABTDQEH7nqRkZFKTEyUn5+f
IiIilJOT43KxzLEuLjqRrFarNm3aJB8fH0m3p5787Gc/06VLl1RRUaGmpibZ7XaFhoYqPT1dqamp
mjbN+WCtnp4e/e///u9Elg8AAAAAHkHAgbtecnKynnnmmRGva25u1uHDhyegojvz3e9+V5GRkQ7H
LBaL0tLSlJaW5lZfe/bsMcWIFQAAAAAYCWtwAP+/L774Qna7fbLLGNG5c+d069atO+7nyJEj2rVr
1zhUBAAAAACTjxEcuOv19Y28E3JxcbG++uqrCajmzh04cEBdXV164oknFBwc7Pb9vb29+uKLL/TZ
Z595oDoAAAAAmBwEHLin9fX16fjx49q6detkl+KW48eP68KFC3rwwQe1cOHCUQUd3d3dOnv2rAoK
Cka9LSwAAAAAmIVXbm7uyH/eBkwsLS1NGzZsUFRUlLy9vWW329XW1qaqqiodPnxYZWVlk13iHZs3
b57S09MVFRUlq9Uqb29v9fb2qqOjQzdu3NDly5dVWlqqtra2yS4VAAAAADyCgAP3lICAAHV2dk52
GQAAAACAccYio7inEG4AAAAAwN2JgAMAAAAAAJgeAQcAAAAAADA9Ag4AAAAAAGB6BBwAAAAAAMD0
CDgAAAAAAIDpEXAAAAAAAADTI+AAAAAAAACmR8ABAAAAAABMj4ADAAAAAACYHgEHAAAAAAAwPQIO
AAAAAABgegQcAAAAAADA9Ag4AAAAAACA6RFwAAAAAAAA0yPgAAAAAAAApkfAAQAAAAAATI+AAwAA
AAAAmB4BBwAAAAAAMD0CDgAAAAAAYHoEHAAAAAAAwPQIOAAAAAAAgOkRcAAAAAAAANMj4AAAAAAA
AKZHwAEAAAAAAEyPgAMAAAAAAJgeAQcAAAAAADA9Ag4AAAAAAGB6BBwAAAAAAMD0CDgAAAAAAIDp
EXAAAAAAAADTI+DAlBAYGKjY2FiFh4ePuY/w8HD5+vqOY1UAAAAAALPwnuwCcG+Kjo7W4sWLlZmZ
qRkzZsjPz884Z7PZ1NDQoAsXLujAgQOqr68fti+LxaJXX31Vqampstls+uijj3Tw4EFPvwUAAAAA
wBRCwIEJ5efnp0ceeUTLli1zCDUG8vHxUWxsrGJjY7Vs2TIVFBSooKDAZZ/z5s1Tamqqce8DDzxA
wAEAAAAA9xgCDkwYq9WqH/3oR0pKShpyrq+vTz09PUNCDx8fH61fv16JiYl68803nfbb3d3t0O7t
7R23mgEAAAAA5kDAgQnh4+Ojl19+WfHx8cYxm82m48eP6+TJk7p06ZJ6enoUEBCgxMRELVy4UAsW
LJC39+1f0aysLD355JP68MMPh/RdVlamQ4cO6b777lNHR4d27tw5Ye8LAAAAADA1eOXm5vZNdhG4
+23YsEErV6402g0NDfrTn/6kK1euuLxnzpw5evbZZxUUFCTp9iiP3//+9zp79qzH6wUAAAAAmAu7
qMDjEhIStHz5cqPd2tqqt956a9hwQ5LOnj3rMBrDy8tLq1at8lidAAAAAADzIuCAx61atUrTpv2/
X7Xdu3fr2rVro7r38OHDqq2tNdqZmZmKjIwc9xoBAAAAAObGGhzwKB8fH2VnZxvtmzdv6quvvnKr
j9LSUs2cOVPS7S1hMzIy1NjYaJz38/PTc889Z7TPnTs37DMsFovy8/OVlZWl2NhYBQQEaNq0aero
6FBzc7POnTunwsLCYbenzcrK0rJly4z2li1b1N3drZiYGC1fvlwZGRkKCQmRj4+Puru71dDQoDNn
zmjv3r3q6elx6/0vX75c2dnZmjlzpoKCgmS329Xe3q7q6moVFxerqKjIrf4AAAAA4G5EwAGPyszM
lL+/v9Eey/oZly9fdmjHxcU5tH18fHTfffcZ7fb2dpd9paen6zvf+Y6io6OHnAsJCVFISIgSEhK0
atUq7dmzx+X2tBEREQ7PtFqtuv/++7V69eohO8F4e3srKChISUlJys3N1ebNm3X9+nWXNfZLTU3V
hg0bFBsbO+T9+vv7KyIiQjk5OVq2bJk++OADh9AHAAAAAO41BBzwqOTkZIf24LBiNM6dO6ff/e53
Rru1tXVMtWRkZOiFF15wCFyk29vK9vX1ycfHxzjm5+en9evXKyAgQJ988smIfa9fv14LFy4c8bq4
uDh973vf069+9athr8vJydH3vve9IbXabDZ5e3vLy8vLOJaenq6XXnpJv/3tb3Xz5s0RawAAAACA
uxEBBzwqIiLCoV1VVeV2HzabbVx2Ttm4caNDYFBUVKT9+/ersrJSkjRz5kytXLlS+fn5slgskqQH
H3xQFy5cUFlZ2bB994cbtbW1OnTokM6ePauWlhbNmjVLeXl5WrJkibEOSVpamrKzs1VSUuK0r7i4
OD311FNGrXa7XYWFhdq/f79qamrk5+enjIwMrV69WklJSZKk6OhoPfnkk3rrrbfG/gMCAAAAABMj
4IBHBQQEOLRHMzXDExYsWOAwLeXIkSPaunWrwzW1tbXatm2bqqur9d3vftc4fv/9948YcEi3A5N3
331XdrvdOFZRUaGKigq1tLRo7dq1xvGcnByXAcfGjRuNn5vdbtfWrVt17Ngx43x3d7dKSkpUVlam
l19+WRkZGZKk7OxsZWRk6Pz58yPWCgAAAAB3G3ZRgUcNHDFhs9lks9kmpY74+HiH9uHDh11ee+jQ
IV29etVoD14Dw5muri5t2bLFIdwYaM+ePerq6jLa/YumDpaVleUwrefo0aMO4cZAdrtdO3bscPiZ
Ll68eMRaAQAAAOBuxAgOeNTA7WH7+vomrY6Ba1ZIGrIQ6GD79u0zQhFXocVAe/bsGfZ8T0+PGhsb
NWvWLElSYGCg0+vy8/ON1729vS4XOe1XV1enS5cuGaM4UlJSRqwVAAAAAO5GBBy4J9TU1Di016xZ
o5qaGrW1tTm9vrCwUIWFhaPuv66ubsRrBo7g8PX1dXpNQkKC8bqqqmpUi4ZWVVUZAUd4eLiCg4PH
vBArAAAAAJgVAQc8auCojcGjKCZSUVGR1qxZY6zDkZaWpn/5l39RSUmJzpw5o/LycvX09Hi0hpF+
FpGRkQoJCXG4Pisra8R+B46S8fLyUkxMDAEHAAAAgHsOAQc8qru723jt7T15v252u13vvPOOXnjh
BYWGhkqSgoKClJ+fr/z8fNlsNlVXV6uyslLFxcW6cuXKhNcYFhbm0E5LS1NaWprb/QQFBY1XSQAA
AABgGgQc8KiB0zK8vLwUHh6uGzduTEotV65c0X/913/p0UcfVU5OjsM6HD4+PkpOTlZycrIefPBB
VVVVac+ePS53OvEEq9U6Lv34+PiMSz8AAAAAYCYEHPColpYWh3ZCQsKkBRyS1NzcrPfee087d+7U
okWLlJGRobi4OE2fPt24xsvLS0lJSXrhhRd08OBBbd++fdLqraysdPseV+uKAAAAAMDdjIADHlVV
VaUVK1YY7fj4eBUXF7vVR0JCgp577jmjferUKf31r3+9o7paWlr05Zdf6ssvv5QkxcXFae7cucrK
ylJSUpKk20HHihUr1Nraqr///e939LzRGBxM7Nq1S5999pnHnwsAAAAAd4NpI18CjF15eblu3bpl
tDMzM93uIz09XZGRkcY/T4xQqKmp0e7du/X6669r69at6u3tNc6tWLFCFotl3J85WGNjo0O7f0FU
AAAAAMDICDjgUS0tLaqoqDDas2bNcjvkmDNnjkN7YH+jER4erjVr1hj/UlJShr3+yJEjKioqMtrB
wcGaOXOmW88ci5s3bzqEHCkpKRMSrAAAAADA3YCAAx53+PBh47WXl5e++c1vjvqLe2JiolJTU432
1atXVVVV5dbzp02bpvXr1xv/lixZMuI9dXV1Du3xWgB0JBcvXjReh4SEaOXKlaO6Lzo6WgEBAZ4q
CwAAAACmPAIOeNyJEyccFstMSkrSpk2bRrzParVq06ZNmjbt//2aHjp0yO3nNzY2qqmpyWhnZWUp
JCRk2Hvi4uKM1319faqvr3f7uWOxd+9eh+kxa9euVWJi4rD3REZG6qWXXtJrr72m2NhYT5cIAAAA
AFMSAQcmxLZt2xy2jF28eLH+8R//0WF0Rj+LxaKFCxfqn/7pnxy+sFdWVo4p4JCkY8eOGa+tVqt+
8pOfuJyqsnbtWuXm5hrtq1evTtjOL7W1tQ4jXgIDA/XjH/9Y+fn5Tq/Py8vTz372M0VGRio2NlZP
P/30hNQJAAAAAFMNu6hgQtTW1mrLli36/ve/b0ylSEtL02uvvabGxkY1Nzert7dXgYGBCg8PV1BQ
kMP9DQ0Neuedd8b8/F27dik9Pd3YIWXmzJl67bXXVFtbq4aGBtlsNgUGBiouLs5hdEdvb6/+9re/
jfm5Y/HRRx8pLi7OCGCsVqueeuoprV27VjU1Nerq6lJQUJBiYmIUHh5u3NfV1aWdO3dOaK0AAAAA
MFUQcGDClJWV6c0339TGjRsdFu3s3x3FlfLycr3//vtqbm4e87NtNpvefvttPfPMM8rIyJB0ez2Q
2NhYl9M6urq6tGPHDpWXl4/5uWNht9v1xhtv6JlnnlFOTo5xPDw83CHQGKipqUkffPDBhNcKAAAA
AFMFAQcmVEVFhf7t3/5Nq1ev1vz58xUXFycvL68h19lsNlVVVenQoUM6ceLEuDy7ublZv/nNb7Ry
5Url5eUpPj7eYX2Pfp2dnTpz5ox27do1YWtvDNbT06O3335bOTk5+sY3vqH4+Hh5ew/979ra2qri
4mIVFBSopaVlEioFAAAAgKnBKzc3t2+yi8C9KyoqSrNmzVJISIh8fX3V1dWlxsZGXb58WR0dHR59
dmRkpDElxc/PT52dnaqvr1dFRYXsdrtHn+2u4OBgpaWlafr06fL19VVHR4euXbvm9pa5AAAAAHC3
IuAAAAAAAACmxy4qAAAAAADA9Ag4AAAAAACA6RFwAAAAAAAA0yPgAAAAAAAApkfAAQAAAAAATI+A
AwAAAAAAmB4BBwAAAAAAMD0CDgAAAAAAYHoEHAAAAAAAwPQIOAAAAAAAgOkRcAAAAAAAANMj4AAA
AAAAAKZHwAEAAAAAAEyPgAMAAAAAAJgeAQcAAAAAADA9Ag4AAAAAAGB6BBwAAAAAAMD0CDgAAAAA
AIDpEXAAAAAAAADTI+AAAAAAAACmR8ABAAAAAABMj4ADAAAAAACYHgEHAAAAAAAwPQIOAAAAAABg
egQcAAAAAADA9Ag4AAAAAACA6RFwAAAAAAAA0yPgAAAAAAAApkfAAQAAAAAATI+AAwAAAAAAmB4B
BwAAAAAAMD0CDgAAAAAAYHoEHAAAAAAAwPQIOAAAAAAAgOkRcAAAAAAAANMj4AAAAAAAAKZHwAEA
AAAAAEyPgAMAAAAAAJgeAQcAAAAAADA9Ag6MMElsAAAgAElEQVQAAAAAAGB6BBwAAAAAAMD0CDgA
AAAAAIDpEXAAAAAAAADTI+AAAAAAAACmR8ABAAAAAABMj4ADAAAAAACYHgEHAAAAAAAwPQIOAAAA
AABgegQcAAAAAADA9Ag4AAAAAACA6RFwAAAAAAAA0yPgAAAAAAAApkfAAQAAAAAATI+AAwAAAAAA
mB4BBwAAAAAAMD0CDgAAAAAAYHoEHAAAAAAAwPQIOAAAAAAAgOkRcAAAAAAAANMj4AAAAAAAAKZH
wAEAAAAAAEyPgAMAAAAAAJgeAQcAAAAAADA9Ag4AAAAAAGB6BBwAAAAAAMD0CDgAAAAAAIDpEXAA
AAAAAADTI+AAAAAAAACmR8ABAAAAAABMj4ADAAAAAACYHgEHAAAAAAAwPQIOAAAAAABgegQcAAAA
AADA9Ag4AAAAAACA6RFwAAAAAAAA0yPgAAAAAAAApkfAAQAAAAAATI+AAwAAAAAAmB4BBwAAAAAA
MD0CDgAAAAAAYHoEHAAAAAAAwPQIOAAAAAAAgOkRcAAAAAAAANMj4AAAAAAAAKZHwAEAAAAAAEyP
gAMAAAAAAJgeAQcAAAAAADA9Ag4AAAAAAGB6BBwAAAAAAMD0CDgAAAAAAIDpEXAAAAAAAADTI+AA
AAAAAACmR8ABAAAAAABMj4ADAAAAAACYHgEHAAAAAAAwPQIOAAAAAABgegQcAAAAAADA9Ag4AAAA
AACA6RFwAAAAAAAA0yPgAAAAAAAApkfAAQAAAAAATI+AAwAAAAAAmB4BBwAAAAAAMD0CDgAAAAAA
YHoEHAAAAAAAwPQIOAAAAAAAgOkRcAAAAAAAANMj4AAAAAAAAKZHwAEAAAAAAEyPgAMAAAAAAJge
AQcAAAAAADA9Ag4AAAAAAGB6BBwAAAAAAMD0CDgAAAAAAIDpEXAAAAAAAADTI+AAAAAAAACmR8AB
AAAAAABMj4ADAAAAAACYHgEHAAAAAAAwPQIOAAAAAABgegQcAAAAAADA9Ag4AAAAAACA6RFwAAAA
AAAA0yPgAAAAAAAApkfAAQAAAAAATI+AAwAAAAAAmB4BBwAAAAAAMD0CDgAAAAAAYHoEHAAAAAAA
wPQIOAAAAAAAgOkRcAAAAAAAANMj4AAAAAAAAKZHwAEAAAAAAEyPgAMAAAAAAJgeAQcAAAAAADA9
Ag4AAAAAAGB6BBwAAAAAAMD0CDgAAAAAAIDpEXAAAAAAAADTI+AAAAAAAACmR8ABAAAAAABMj4AD
AAAAAACYHgEHAAAAAAAwPQIOAAAAAABgegQcAAAAAADA9Ag4AAAAAACA6RFwAAAAAAAA0yPgAAAA
AAAApkfAAQAAAAAATI+AAwAAAAAAmB4BBwAAAAAAMD0CDgAAAAAAYHoEHAAAAAAAwPQIOAAAAAAA
gOkRcAAAAAAAANMj4AAAAAAAAKZHwAEAAAAAAEyPgAMAAAAAAJgeAQcAAAAAADA9Ag4AAAAAAGB6
BBwAAAAAAMD0CDgAAAAAAIDpEXAAAADg/2PHDkgAAAAABP1/3Y5AZwgAe4IDAAAA2BMcAAAAwJ7g
AAAAAPYEBwAAALAnOAAAAIA9wQEAAADsCQ4AAABgT3AAAAAAe4IDAAAA2BMcAAAAwJ7gAAAAAPYE
BwAAALAnOAAAAIA9wQEAAADsCQ4AAABgT3AAAAAAe4IDAAAA2BMcAAAAwJ7gAAAAAPYEBwAAALAn
OAAAAIA9wQEAAADsCQ4AAABgT3AAAAAAe4IDAAAA2BMcAAAAwJ7gAAAAAPYEBwAAALAnOAAAAIA9
wQEAAADsCQ4AAABgT3AAAAAAe4IDAAAA2BMcAAAAwJ7gAAAAAPYEBwAAALAnOAAAAIA9wQEAAADs
CQ4AAABgT3AAAAAAe4IDAAAA2BMcAAAAwJ7gAAAAAPYEBwAAALAnOAAAAIA9wQEAAADsCQ4AAABg
T3AAAAAAe4IDAAAA2BMcAAAAwJ7gAAAAAPYEBwAAALAnOAAAAIA9wQEAAADsCQ4AAABgT3AAAAAA
e4IDAAAA2BMcAAAAwJ7gAAAAAPYEBwAAALAnOAAAAIA9wQEAAADsCQ4AAABgT3AAAAAAe4IDAAAA
2BMcAAAAwJ7gAAAAAPYEBwAAALAnOAAAAIA9wQEAAADsCQ4AAABgT3AAAAAAe4IDAAAA2BMcAAAA
wJ7gAAAAAPYEBwAAALAnOAAAAIA9wQEAAADsCQ4AAABgT3AAAAAAe4IDAAAA2BMcAAAAwJ7gAAAA
APYEBwAAALAnOAAAAIA9wQEAAADsCQ4AAABgT3AAAAAAe4IDAAAA2BMcAAAAwJ7gAAAAAPYEBwAA
ALAnOAAAAIA9wQEAAADsCQ4AAABgT3AAAAAAe4IDAAAA2BMcAAAAwJ7gAAAAAPYEBwAAALAnOAAA
AIA9wQEAAADsCQ4AAABgT3AAAAAAe4IDAAAA2BMcAAAAwJ7gAAAAAPYEBwAAALAnOAAAAIA9wQEA
AADsCQ4AAABgT3AAAAAAe4IDAAAA2BMcAAAAwJ7gAAAAAPYEBwAAALAnOAAAAIA9wQEAAADsCQ4A
AABgT3AAAAAAe4IDAAAA2BMcAAAAwJ7gAAAAAPYEBwAAALAnOAAAAIA9wQEAAADsCQ4AAABgT3AA
AAAAe4IDAAAA2BMcAAAAwJ7gAAAAAPYEBwAAALAnOAAAAIA9wQEAAADsCQ4AAABgT3AAAAAAe4ID
AAAA2BMcAAAAwJ7gAAAAAPYEBwAAALAnOAAAAIA9wQEAAADsCQ4AAABgT3AAAAAAe4IDAAAA2BMc
AAAAwJ7gAAAAAPYEBwAAALAnOAAAAIA9wQEAAADsCQ4AAABgT3AAAAAAe4IDAAAA2BMcAAAAwJ7g
AAAAAPYEBwAAALAnOAAAAIA9wQEAAADsCQ4AAABgT3AAAAAAe4IDAAAA2BMcAAAAwJ7gAAAAAPYE
BwAAALAnOAAAAIA9wQEAAADsCQ4AAABgT3AAAAAAe4IDAAAA2BMcAAAAwJ7gAAAAAPYEBwAAALAn
OAAAAIA9wQEAAADsCQ4AAABgT3AAAAAAe4IDAAAA2BMcAAAAwJ7gAAAAAPYEBwAAALAnOAAAAIA9
wQEAAADsCQ4AAABgT3AAAAAAe4IDAAAA2BMcAAAAwJ7gAAAAAPYEBwAAALAnOAAAAIA9wQEAAADs
CQ4AAABgT3AAAAAAe4IDAAAA2BMcAAAAwJ7gAAAAAPYEBwAAALAnOAAAAIA9wQEAAADsCQ4AAABg
T3AAAAAAe4IDAAAA2BMcAAAAwJ7gAAAAAPYEBwAAALAnOAAAAIA9wQEAAADsCQ4AAABgT3AAAAAA
e4IDAAAA2BMcAAAAwJ7gAAAAAPYEBwAAALAnOAAAAIA9wQEAAADsCQ4AAABgT3AAAAAAe4IDAAAA
2BMcAAAAwJ7gAAAAAPYEBwAAALAnOAAAAIA9wQEAAADsCQ4AAABgT3AAAAAAe4IDAAAA2BMcAAAA
wJ7gAAAAAPYEBwAAALAnOAAAAIA9wQEAAADsCQ4AAABgT3AAAAAAe4IDAAAA2BMcAAAAwJ7gAAAA
APYEBwAAALAnOAAAAIA9wQEAAADsCQ4AAABgT3AAAAAAe4IDAAAA2BMcAAAAwJ7gAAAAAPYEBwAA
ALAnOAAAAIA9wQEAAADsCQ4AAABgT3AAAAAAe4IDAAAA2BMcAAAAwJ7gAAAAAPYEBwAAALAnOAAA
AIA9wQEAAADsCQ4AAABgT3AAAAAAe4IDAAAA2BMcAAAAwJ7gAAAAAPYEBwAAALAnOAAAAIA9wQEA
AADsCQ4AAABgT3AAAAAAe4IDAAAA2BMcAAAAwJ7gAAAAAPYEBwAAALAnOAAAAIA9wQEAAADsCQ4A
AABgT3AAAAAAe4IDAAAA2BMcAAAAwJ7gAAAAAPYEBwAAALAnOAAAAIA9wQEAAADsCQ4AAABgT3AA
AAAAe4IDAAAA2BMcAAAAwJ7gAAAAAPYEBwAAALAnOAAAAIA9wQEAAADsCQ4AAABgT3AAAAAAe4ID
AAAA2BMcAAAAwJ7gAAAAAPYEBwAAALAnOAAAAIA9wQEAAADsCQ4AAABgT3AAAAAAe4IDAAAA2BMc
AAAAwJ7gAAAAAPYEBwAAALAnOAAAAIA9wQEAAADsCQ4AAABgT3AAAAAAe4IDAAAA2BMcAAAAwJ7g
AAAAAPYEBwAAALAnOAAAAIA9wQEAAADsCQ4AAABgT3AAAAAAe4IDAAAA2BMcAAAAwJ7gAAAAAPYE
BwAAALAnOAAAAIA9wQEAAADsCQ4AAABgT3AAAAAAe4IDAAAA2BMcAAAAwJ7gAAAAAPYEBwAAALAn
OAAAAIA9wQEAAADsCQ4AAABgT3AAAAAAe4IDAAAA2BMcAAAAwJ7gAAAAAPYEBwAAALAnOAAAAIA9
wQEAAADsCQ4AAABgT3AAAAAAe4IDAAAA2BMcAAAAwJ7gAAAAAPYEBwAAALAnOAAAAIA9wQEAAADs
CQ4AAABgT3AAAAAAe4IDAAAA2BMcAAAAwJ7gAAAAAPYEBwAAALAnOAAAAIA9wQEAAADsCQ4AAABg
T3AAAAAAe4IDAAAA2BMcAAAAwJ7gAAAAAPYEBwAAALAnOAAAAIA9wQEAAADsCQ4AAABgT3AAAAAA
e4IDAAAA2BMcAAAAwJ7gAAAAAPYEBwAAALAnOAAAAIA9wQEAAADsCQ4AAABgT3AAAAAAe4IDAAAA
2BMcAAAAwJ7gAAAAAPYEBwAAALAnOAAAAIA9wQEAAADsCQ4AAABgT3AAAAAAe4IDAAAA2BMcAAAA
wJ7gAAAAAPYEBwAAALAnOAAAAIA9wQEAAADsCQ4AAABgT3AAAAAAe4IDAAAA2BMcAAAAwJ7gAAAA
APYEBwAAALAnOAAAAIA9wQEAAADsCQ4AAABgT3AAAAAAe4IDAAAA2BMcAAAAwJ7gAAAAAPYEBwAA
ALAnOAAAAIA9wQEAAADsCQ4AAABgT3AAAAAAe4IDAAAA2BMcAAAAwJ7gAAAAAPYEBwAAALAnOAAA
AIA9wQEAAADsCQ4AAABgT3AAAAAAe4IDAAAA2BMcAAAAwJ7gAAAAAPYEBwAAALAnOAAAAIA9wQEA
AADsCQ4AAABgT3AAAAAAe4IDAAAA2BMcAAAAwJ7gAAAAAPYEBwAAALAnOAAAAIA9wQEAAADsCQ4A
AABgT3AAAAAAe4IDAAAA2BMcAAAAwJ7gAAAAAPYEBwAAALAnOAAAAIA9wQEAAADsCQ4AAABgT3AA
AAAAe4IDAAAA2BMcAAAAwJ7gAAAAAPYEBwAAALAnOAAAAIA9wQEAAADsCQ4AAABgT3AAAAAAe4ID
AAAA2BMcAAAAwJ7gAAAAAPYEBwAAALAnOAAAAIA9wQEAAADsCQ4AAABgT3AAAAAAe4IDAAAA2BMc
AAAAwJ7gAAAAAPYEBwAAALAnOAAAAIA9wQEAAADsCQ4AAABgT3AAAAAAe4IDAAAA2BMcAAAAwJ7g
AAAAAPYEBwAAALAnOAAAAIA9wQEAAADsCQ4AAABgT3AAAAAAe4IDAAAA2BMcAAAAwJ7gAAAAAPYE
BwAAALAnOAAAAIA9wQEAAADsCQ4AAABgT3AAAAAAe4IDAAAA2BMcAAAAwJ7gAAAAAPYEBwAAALAn
OAAAAIA9wQEAAADsCQ4AAABgT3AAAAAAe4IDAAAA2BMcAAAAwJ7gAAAAAPYEBwAAALAnOAAAAIA9
wQEAAADsCQ4AAABgT3AAAAAAe4IDAAAA2BMcAAAAwJ7gAAAAAPYEBwAAALAnOAAAAIA9wQEAAADs
CQ4AAABgT3AAAAAAe4IDAAAA2BMcAAAAwJ7gAAAAAPYEBwAAALAnOAAAAIA9wQEAAADsCQ4AAABg
T3AAAAAAe4IDAAAA2BMcAAAAwJ7gAAAAAPYEBwAAALAnOAAAAIA9wQEAAADsCQ4AAABgT3AAAAAA
e4IDAAAA2BMcAAAAwJ7gAAAAAPYEBwAAALAnOAAAAIA9wQEAAADsCQ4AAABgT3AAAAAAe4IDAAAA
2BMcAAAAwJ7gAAAAAPYEBwAAALAnOAAAAIA9wQEAAADsCQ4AAABgT3AAAAAAe4IDAAAA2BMcAAAA
wJ7gAAAAAPYEBwAAALAnOAAAAIA9wQEAAADsCQ4AAABgT3AAAAAAe4IDAAAA2BMcAAAAwJ7gAAAA
APYEBwAAALAnOAAAAIA9wQEAAADsCQ4AAABgT3AAAAAAe4IDAAAA2BMcAAAAwJ7gAAAAAPYEBwAA
ALAnOAAAAIA9wQEAAADsCQ4AAABgT3AAAAAAe4IDAAAA2BMcAAAAwJ7gAAAAAPYEBwAAALAnOAAA
AIA9wQEAAADsCQ4AAABgT3AAAAAAe4IDAAAA2BMcAAAAwJ7gAAAAAPYEBwAAALAnOAAAAIA9wQEA
AADsCQ4AAABgT3AAAAAAe4IDAAAA2BMcAAAAwJ7gAAAAAPYEBwAAALAnOAAAAIA9wQEAAADsCQ4A
AABgT3AAAAAAe4IDAAAA2BMcAAAAwJ7gAAAAAPYEBwAAALAnOAAAAIA9wQEAAADsCQ4AAABgT3AA
AAAAe4IDAAAA2BMcAAAAwJ7gAAAAAPYEBwAAALAnOAAAAIA9wQEAAADsCQ4AAABgT3AAAAAAe4ID
AAAA2BMcAAAAwJ7gAAAAAPYEBwAAALAnOAAAAIA9wQEAAADsCQ4AAABgT3AAAAAAe4IDAAAA2BMc
AAAAwJ7gAAAAAPYEBwAAALAnOAAAAIA9wQEAAADsCQ4AAABgT3AAAAAAe4IDAAAA2BMcAAAAwJ7g
AAAAAPYEBwAAALAnOAAAAIA9wQEAAADsCQ4AAABgT3AAAAAAe4IDAAAA2BMcAAAAwJ7gAAAAAPYE
BwAAALAnOAAAAIA9wQEAAADsCQ4AAABgT3AAAAAAe4IDAAAA2BMcAAAAwJ7gAAAAAPYEBwAAALAn
OAAAAIA9wQEAAADsCQ4AAABgT3AAAAAAe4IDAAAA2BMcAAAAwJ7gAAAAAPYEBwAAALAnOAAAAIA9
wQEAAADsCQ4AAABgT3AAAAAAe4IDAAAA2BMcAAAAwJ7gAAAAAPYEBwAAALAnOAAAAIA9wQEAAADs
CQ4AAABgT3AAAAAAe4IDAAAA2BMcAAAAwJ7gAAAAAPYEBwAAALAnOAAAAIA9wQEAAADsCQ4AAABg
T3AAAAAAe4IDAAAA2BMcAAAAwJ7gAAAAAPYEBwAAALAnOAAAAIA9wQEAAADsCQ4AAABgT3AAAAAA
e4IDAAAA2BMcAAAAwJ7gAAAAAPYEBwAAALAnOAAAAIA9wQEAAADsCQ4AAABgT3AAAAAAe4IDAAAA
2BMcAAAAwJ7gAAAAAPYEBwAAALAnOAAAAIA9wQEAAADsCQ4AAABgT3AAAAAAe4IDAAAA2BMcAAAA
wJ7gAAAAAPYEBwAAALAnOAAAAIA9wQEAAADsCQ4AAABgT3AAAAAAe4IDAAAA2BMcAAAAwJ7gAAAA
APYEBwAAALAnOAAAAIA9wQEAAADsCQ4AAABgT3AAAAAAe4IDAAAA2BMcAAAAwJ7gAAAAAPYEBwAA
ALAnOAAAAIA9wQEAAADsCQ4AAABgT3AAAAAAe4IDAAAA2BMcAAAAwJ7gAAAAAPYEBwAAALAnOAAA
AIA9wQEAAADsCQ4AAABgT3AAAAAAe4IDAAAA2BMcAAAAwJ7gAAAAAPYEBwAAALAnOAAAAIA9wQEA
AADsCQ4AAABgT3AAAAAAe4IDAAAA2BMcAAAAwJ7gAAAAAPYEBwAAALAnOAAAAIA9wQEAAADsCQ4A
AABgT3AAAAAAe4IDAAAA2BMcAAAAwJ7gAAAAAPYEBwAAALAnOAAAAIA9wQEAAADsCQ4AAABgT3AA
AAAAe4IDAAAA2BMcAAAAwJ7gAAAAAPYEBwAAALAnOAAAAIA9wQEAAADsCQ4AAABgT3AAAAAAe4ID
AAAA2BMcAAAAwJ7gAAAAAPYEBwAAALAnOAAAAIA9wQEAAADsCQ4AAABgT3AAAAAAe4IDAAAA2BMc
AAAAwJ7gAAAAAPYEBwAAALAnOAAAAIA9wQEAAADsCQ4AAABgT3AAAAAAe4IDAAAA2BMcAAAAwJ7g
AAAAAPYEBwAAALAnOAAAAIA9wQEAAADsCQ4AAABgT3AAAAAAe4IDAAAA2BMcAAAAwJ7gAAAAAPYE
BwAAALAnOAAAAIA9wQEAAADsCQ4AAABgT3AAAAAAe4IDAAAA2BMcAAAAwJ7gAAAAAPYEBwAAALAn
OAAAAIA9wQEAAADsCQ4AAABgT3AAAAAAe4IDAAAA2BMcAAAAwJ7gAAAAAPYEBwAAALAnOAAAAIA9
wQEAAADsCQ4AAABgT3AAAAAAe4IDAAAA2BMcAAAAwJ7gAAAAAPYEBwAAALAnOAAAAIA9wQEAAADs
CQ4AAABgT3AAAAAAe4IDAAAA2BMcAAAAwJ7gAAAAAPYEBwAAALAnOAAAAIA9wQEAAADsCQ4AAABg
T3AAAAAAe4IDAAAA2BMcAAAAwJ7gAAAAAPYEBwAAALAnOAAAAIA9wQEAAADsCQ4AAABgT3AAAAAA
e4IDAAAA2BMcAAAAwJ7gAAAAAPYEBwAAALAnOAAAAIA9wQEAAADsCQ4AAABgT3AAAAAAe4IDAAAA
2BMcAAAAwJ7gAAAAAPYEBwAAALAnOAAAAIA9wQEAAADsCQ4AAABgT3AAAAAAe4IDAAAA2BMcAAAA
wJ7gAAAAAPYEBwAAALAnOAAAAIA9wQEAAADsCQ4AAABgT3AAAAAAe4IDAAAA2BMcAAAAwJ7gAAAA
APYEBwAAALAnOAAAAIA9wQEAAADsCQ4AAABgT3AAAAAAe4IDAAAA2BMcAAAAwJ7gAAAAAPYEBwAA
ALAnOAAAAIA9wQEAAADsCQ4AAABgT3AAAAAAe4IDAAAA2BMcAAAAwJ7gAAAAAPYEBwAAALAnOAAA
AIA9wQEAAADsCQ4AAABgT3AAAAAAe4IDAAAA2BMcAAAAwJ7gAAAAAPYEBwAAALAnOAAAAIA9wQEA
AADsCQ4AAABgT3AAAAAAe4IDAAAA2BMcAAAAwJ7gAAAAAPYEBwAAALAnOAAAAIA9wQEAAADsCQ4A
AABgT3AAAAAAe4IDAAAA2BMcAAAAwJ7gAAAAAPYEBwAAALAnOAAAAIA9wQEAAADsCQ4AAABgT3AA
AAAAe4IDAAAA2BMcAAAAwJ7gAAAAAPYEBwAAALAnOAAAAIA9wQEAAADsCQ4AAABgT3AAAAAAe4ID
AAAA2BMcAAAAwJ7gAAAAAPYEBwAAALAnOAAAAIA9wQEAAADsCQ4AAABgT3AAAAAAe4IDAAAA2BMc
AAAAwJ7gAAAAAPYEBwAAALAnOAAAAIA9wQEAAADsCQ4AAABgT3AAAAAAe4IDAAAA2BMcAAAAwJ7g
AAAAAPYEBwAAALAnOAAAAIA9wQEAAADsCQ4AAABgT3AAAAAAe4IDAAAA2BMcAAAAwJ7gAAAAAPYE
BwAAALAnOAAAAIA9wQEAAADsCQ4AAABgT3AAAAAAe4IDAAAA2BMcAAAAwJ7gAAAAAPYEBwAAALAn
OAAAAIA9wQEAAADsCQ4AAABgT3AAAAAAe4IDAAAA2BMcAAAAwJ7gAAAAAPYEBwAAALAnOAAAAIA9
wQEAAADsCQ4AAABgT3AAAAAAe4IDAAAA2BMcAAAAwJ7gAAAAAPYEBwAAALAnOAAAAIA9wQEAAADs
CQ4AAABgT3AAAAAAe4IDAAAA2BMcAAAAwJ7gAAAAAPYEBwAAALAnOAAAAIA9wQEAAADsCQ4AAABg
T3AAAAAAe4IDAAAA2BMcAAAAwJ7gAAAAAPYEB0Dt3bGR4kAURdE/VVuEgIOpOJSAEsCEJIiCJIRJ
AiSgDPBl4hACzqy3jmCcNVqv5pwIntXGrZYaAACIJ3AAAAAA8QQOAAAAIJ7AAQAAAMQTOAAAAIB4
AgcAAAAQT+AAAAAA4gkcAAAAQDyBAwAAAIgncAAAAADxBA4AAAAgnsABAAAAxBM4AAAAgHgCBwAA
ABBP4AAAAADiCRwAAABAPIEDAAAAiCdwAAAAAPEEDgAAACCewAEAAADEEzgAAACAeAIHAAAAEE/g
AAAAAOIJHAAAAEA8gQMAAACIJ3AAAAAA8QQOAAAAIJ7AAQAAAMQTOAAAAIB4AgcAAAAQT+AAAAAA
4gkcAAAAQDyBAwAAAIgncAAAAADxBA4AAAAgnsABAAAAxBM4AAAAgHgCBwAAABBP4AAAAADiCRwA
AABAPIEDAAAAiCdwAAAAAPEEDgAAACCewAEAAADEEzgAAACAeF9V9d16BAAAAMD/cIMDAAAAiCdw
AAAAAPEEDgAAACCewAEAAADEEzgAAACAeAIHAAAAEE/gAAAAAOIJHAAAAEA8gQMAAACIJ3AAAAAA
8QQOAAAAIJ7AAQAAAMQTOAAAAIB4AgcAAAAQT+AAAAAA4gkcAAAAQDyBAwAAAIgncAAAAADxBA4A
AAAgnsABAAAAxBM4AAAAgHgCBwAAABBP4AAAAADiCRwAAABAPIEDAAAAiCdwAAAAAPH+tB4AwLp1
XVd939d2u209BfiFns9nTdNU8zy3ngLAygkcAHx0Pp/reDy2ngFQ4zjW6XRqPQOAFfuqqu/WIwBY
n8vlUsMwtJ4B8M/tdqvD4dB6BgAr5R8cACwcj0dxA1idYRjcKgPgI4EDgIX9ft96AsBbzicAPvGJ
CgALj8ejNptN6xkAC6/Xq3a7XesZAKyQGxwAAABAPIEDgIX7/d56AsBbzicAPhE4AFi4Xq+tJwC8
5XwC4BP/4ADgLc/EAmvjmVgAfuIGBwBvHQ6HGsex9QyAqqoax1HcAOBHbnAA8KOu66rv+9put62n
AL/Q8/msaZpqnufWUwBYOYEDAAAAiOcTFQAAACCewAEAAADEEzgAAACAeAIHAAAAEE/gAAAAAOIJ
HAAAAEA8gQMAAACIJ3AAAAAA8QQOAAAAIJ7AAQAAAMQTOAAAAIB4AgcAAAAQT+AAAAAA4gkcAAAA
QDyBAwAAAIgncAAAAADxBA4AAAAgnmoJ30gAAABBSURBVMABAAAAxBM4AAAAgHgCBwAAABBP4AAA
AADiCRwAAABAPIEDAAAAiCdwAAAAAPEEDgAAACCewAEAAADE+wulNxCfJ2BNIgAAAABJRU5ErkJg
gg==
" width="800px"&gt;</msg>
<doc>Takes a screenshot of the current page and embeds it into the log.</doc>
<status status="PASS" start="2024-05-01T10:44:23.395391" elapsed="1.782480"/>
</kw>
<status status="PASS" start="2024-05-01T10:44:13.590513" elapsed="11.587358"/>
</kw>
<arg>Hyoga</arg>
<arg>Cisne</arg>
<status status="PASS" start="2024-05-01T10:43:54.409761" elapsed="30.768110"/>
</kw>
<kw name="Fechar o aplicativo" owner="common_keywords" type="TEARDOWN">
<kw name="Close Application" owner="AppiumLibrary">
<doc>Closes the current application and also close webdriver session.</doc>
<status status="PASS" start="2024-05-01T10:44:25.181868" elapsed="4.715405"/>
</kw>
<status status="PASS" start="2024-05-01T10:44:25.179874" elapsed="4.717399"/>
</kw>
<doc>Cadastrar Cavaleiros do Zodíaco</doc>
<tag>@bronze</tag>
<status status="PASS" start="2024-05-01T10:41:30.154894" elapsed="179.865006"/>
</test>
<status status="PASS" start="2024-05-01T10:41:29.922199" elapsed="180.111216"/>
</suite>
<status status="PASS" start="2024-05-01T10:38:18.221990" elapsed="371.883326"/>
</suite>
<statistics>
<total>
<stat pass="2" fail="0" skip="0">All Tests</stat>
</total>
<tag>
<stat pass="1" fail="0" skip="0">@bronze</stat>
<stat pass="1" fail="0" skip="0">@ouro</stat>
</tag>
<suite>
<stat pass="2" fail="0" skip="0" id="s1" name="Test">Test</stat>
<stat pass="1" fail="0" skip="0" id="s1-s1" name="Cadastro Template Test">Test.Cadastro Template Test</stat>
<stat pass="1" fail="0" skip="0" id="s1-s2" name="Cadastro Test">Test.Cadastro Test</stat>
</suite>
</statistics>
<errors>
</errors>
</robot>
